{"/Users/czzou/work/tars_node/stream/tars.js":{"path":"/Users/czzou/work/tars_node/stream/tars.js","s":{"1":1,"2":1,"3":1,"4":1,"5":1,"6":1,"7":1,"8":0,"9":0,"10":1,"11":1,"12":0,"13":0,"14":1,"15":1,"16":0,"17":0,"18":1,"19":1,"20":0,"21":0,"22":1,"23":1,"24":0,"25":0,"26":1,"27":1,"28":0,"29":0,"30":1,"31":1,"32":0,"33":0,"34":1,"35":1,"36":1,"37":0,"38":0,"39":1,"40":0,"41":0,"42":1,"43":0,"44":0,"45":1,"46":0,"47":0,"48":1,"49":70,"50":70,"51":1,"52":0,"53":0,"54":1,"55":0,"56":0,"57":1,"58":0,"59":0,"60":1,"61":0,"62":0,"63":1,"64":0,"65":0,"66":1,"67":111,"68":111,"69":1,"70":0,"71":0,"72":1,"73":78,"74":78,"75":78,"76":78,"77":1,"78":2,"79":1,"80":2,"81":1,"82":0,"83":1,"84":71,"85":1,"86":42,"87":1,"88":3,"89":10,"90":0,"91":1,"92":3,"93":3,"94":8,"95":3,"96":1,"97":2,"98":2,"99":6,"100":6,"101":0,"102":0,"103":0,"104":2,"105":1,"106":38,"107":1,"108":78,"109":1,"110":3,"111":3,"112":3,"113":3,"114":3,"115":3,"116":3,"117":1,"118":0,"119":1,"120":0,"121":1,"122":2,"123":1,"124":0,"125":1,"126":0,"127":0,"128":1,"129":1,"130":1,"131":0,"132":1,"133":4,"134":4,"135":2,"136":2,"137":0,"138":0,"139":4,"140":4,"141":1,"142":2,"143":2,"144":4,"145":4,"146":1,"147":1,"148":1,"149":0,"150":0,"151":0,"152":0,"153":1,"154":1,"155":1,"156":2,"157":2,"158":0,"159":1,"160":0,"161":1,"162":0,"163":1,"164":463,"165":463,"166":463,"167":463,"168":463,"169":463,"170":1,"171":11,"172":1,"173":11,"174":1,"175":0,"176":1,"177":5,"178":1,"179":32,"180":1,"181":2,"182":1,"183":116,"184":1,"185":32,"186":1,"187":193,"188":1,"189":137,"190":1,"191":18,"192":18,"193":1,"194":100,"195":100,"196":96,"197":96,"198":0,"199":0,"200":32,"201":0,"202":32,"203":96,"204":0,"205":1,"206":3,"207":3,"208":3,"209":4,"210":4,"211":3,"212":1,"213":2,"214":2,"215":2,"216":3,"217":3,"218":3,"219":0,"220":0,"221":0,"222":1,"223":466,"224":3,"225":463,"226":1,"227":1,"228":1,"229":618,"230":0,"231":0,"232":1,"233":295,"234":243,"235":295,"236":295,"237":295,"238":295,"239":1,"240":1,"241":110,"242":1,"243":0,"244":1,"245":0,"246":1,"247":808,"248":1,"249":35,"250":1,"251":35,"252":1,"253":0,"254":1,"255":3,"256":3,"257":3,"258":1,"259":32,"260":32,"261":1,"262":1581,"263":1432,"264":149,"265":149,"266":149,"267":149,"268":149,"269":149,"270":1,"271":0,"272":1,"273":160,"274":160,"275":160,"276":160,"277":160,"278":1,"279":990,"280":990,"281":990,"282":990,"283":990,"284":1,"285":13,"286":13,"287":13,"288":13,"289":13,"290":1,"291":0,"292":0,"293":0,"294":0,"295":0,"296":1,"297":48,"298":48,"299":48,"300":48,"301":48,"302":1,"303":0,"304":0,"305":0,"306":0,"307":0,"308":1,"309":80,"310":80,"311":80,"312":80,"313":0,"314":0,"315":0,"316":0,"317":0,"318":0,"319":0,"320":0,"321":0,"322":0,"323":0,"324":0,"325":0,"326":0,"327":0,"328":0,"329":0,"330":80,"331":80,"332":1,"333":2,"334":2,"335":2,"336":2,"337":1,"338":2,"339":2,"340":2,"341":2,"342":1,"343":176,"344":24,"345":24,"346":24,"347":24,"348":24,"349":152,"350":152,"351":152,"352":152,"353":152,"354":1,"355":55,"356":0,"357":55,"358":55,"359":55,"360":55,"361":1,"362":55,"363":55,"364":55,"365":55,"366":55,"367":55,"368":1,"369":160,"370":1,"371":13,"372":13,"373":1,"374":31,"375":31,"376":1,"377":1743,"378":1743,"379":1,"380":0,"381":0,"382":1,"383":0,"384":0,"385":1,"386":80,"387":80,"388":80,"389":80,"390":69,"391":11,"392":7,"393":4,"394":0,"395":0,"396":0,"397":0,"398":0,"399":0,"400":0,"401":0,"402":0,"403":0,"404":0,"405":1,"406":2,"407":2,"408":1,"409":2,"410":2,"411":1,"412":173,"413":173,"414":173,"415":24,"416":24,"417":24,"418":149,"419":149,"420":149,"421":0,"422":0,"423":0,"424":149,"425":149,"426":1,"427":55,"428":0,"429":0,"430":0,"431":0,"432":0,"433":0,"434":55,"435":55,"436":55,"437":55,"438":1,"439":53,"440":53,"441":53,"442":1,"443":3,"444":1,"445":2,"446":1,"447":1,"448":0,"449":0,"450":0,"451":0,"452":1,"453":110,"454":1,"455":817,"456":817,"457":0,"458":1,"459":0,"460":0,"461":0,"462":0,"463":0,"464":0,"465":1,"466":1,"467":1,"468":284,"469":284,"470":124,"471":160,"472":160,"473":1,"474":276,"475":276,"476":263,"477":13,"478":13,"479":1,"480":265,"481":265,"482":254,"483":11,"484":11,"485":1,"486":83,"487":83,"488":3,"489":3,"490":80,"491":80,"492":1,"493":2,"494":1,"495":2,"496":1,"497":2,"498":1,"499":2,"500":0,"501":2,"502":2,"503":1,"504":2,"505":0,"506":2,"507":2,"508":1,"509":9,"510":0,"511":9,"512":9,"513":9,"514":1,"515":173,"516":24,"517":24,"518":0,"519":0,"520":24,"521":24,"522":24,"523":24,"524":149,"525":149,"526":0,"527":0,"528":149,"529":149,"530":149,"531":1,"532":55,"533":55,"534":55,"535":55,"536":1,"537":1,"538":23,"539":23,"540":23,"541":3,"542":23,"543":23,"544":38,"545":1,"546":101,"547":101,"548":101,"549":101,"550":101,"551":80,"552":101,"553":98,"554":98,"555":1,"556":104,"557":1,"558":109,"559":109,"560":1,"561":32,"562":32,"563":1,"564":1570,"565":1570,"566":1570,"567":1570,"568":0,"569":1570,"570":1,"571":753,"572":753,"573":753,"574":753,"575":1,"576":9,"577":0,"578":0,"579":0,"580":0,"581":0,"582":0,"583":0,"584":0,"585":0,"586":0,"587":0,"588":0,"589":0,"590":0,"591":0,"592":0,"593":0,"594":0,"595":0,"596":0,"597":9,"598":0,"599":0,"600":0,"601":0,"602":0,"603":0,"604":0,"605":0,"606":0,"607":0,"608":0,"609":0,"610":0,"611":0,"612":0,"613":0,"614":0,"615":1,"616":9,"617":9,"618":9,"619":9,"620":9,"621":1,"622":753,"623":753,"624":753,"625":0,"626":0,"627":753,"628":753,"629":753,"630":0,"631":0,"632":0,"633":0,"634":0,"635":0,"636":1,"637":1,"638":1,"639":21,"640":0,"641":21,"642":21,"643":18,"644":3,"645":0,"646":1,"647":22,"648":0,"649":22,"650":22,"651":0,"652":18,"653":4,"654":0,"655":1,"656":262,"657":0,"658":262,"659":262,"660":106,"661":139,"662":9,"663":8,"664":0,"665":1,"666":83,"667":0,"668":83,"669":83,"670":0,"671":0,"672":0,"673":3,"674":80,"675":0,"676":1,"677":2,"678":0,"679":2,"680":2,"681":0,"682":2,"683":0,"684":1,"685":2,"686":0,"687":2,"688":2,"689":0,"690":2,"691":0,"692":1,"693":2,"694":1,"695":2,"696":1,"697":2,"698":1,"699":173,"700":0,"701":173,"702":173,"703":173,"704":0,"705":0,"706":0,"707":1,"708":9,"709":0,"710":9,"711":9,"712":0,"713":9,"714":9,"715":9,"716":1,"717":55,"718":0,"719":55,"720":55,"721":55,"722":55,"723":0,"724":55,"725":55,"726":0,"727":55,"728":55,"729":55,"730":0,"731":1,"732":1,"733":23,"734":0,"735":23,"736":23,"737":0,"738":23,"739":23,"740":0,"741":23,"742":3,"743":23,"744":23,"745":23,"746":38,"747":23,"748":1,"749":101,"750":0,"751":101,"752":101,"753":0,"754":101,"755":101,"756":0,"757":101,"758":101,"759":80,"760":101,"761":101,"762":98,"763":98,"764":98,"765":101,"766":1,"767":37,"768":37,"769":37,"770":37,"771":37,"772":37,"773":20,"774":37,"775":19,"776":1,"777":1,"778":1,"779":1,"780":32,"781":32,"782":32,"783":0,"784":32,"785":0,"786":0,"787":0,"788":0,"789":0,"790":0,"791":0,"792":0,"793":0,"794":32,"795":32,"796":1,"797":32,"798":32,"799":32,"800":32,"801":0,"802":0,"803":0,"804":1,"805":18,"806":18,"807":18,"808":18,"809":0,"810":0,"811":1,"812":18,"813":18,"814":18,"815":1,"816":1,"817":1,"818":1,"819":1,"820":1,"821":1,"822":1,"823":1,"824":1,"825":1,"826":1,"827":1,"828":1,"829":1,"830":5,"831":1,"832":1,"833":1,"834":1,"835":1,"836":1,"837":1,"838":2,"839":1,"840":1,"841":1,"842":5,"843":1,"844":9,"845":1,"846":1,"847":1,"848":1,"849":1,"850":1,"851":1,"852":1,"853":1,"854":1,"855":1,"856":1,"857":1,"858":1,"859":1,"860":5,"861":1,"862":1,"863":1,"864":1,"865":1,"866":1,"867":1,"868":2,"869":1,"870":1,"871":1,"872":5,"873":1,"874":9,"875":1,"876":37,"877":37,"878":37,"879":37,"880":37,"881":37,"882":37,"883":37,"884":37,"885":37,"886":37,"887":37,"888":2,"889":37,"890":1,"891":37,"892":2,"893":37,"894":1,"895":37,"896":2,"897":37,"898":1,"899":37,"900":2,"901":37,"902":1,"903":1,"904":1,"905":1,"906":1,"907":18,"908":18,"909":18,"910":18,"911":18,"912":18,"913":18,"914":18,"915":18,"916":18,"917":18,"918":18,"919":18,"920":18,"921":18,"922":18,"923":18,"924":18,"925":18,"926":1,"927":18,"928":18,"929":18,"930":18,"931":18,"932":18,"933":18,"934":18,"935":18,"936":18,"937":18,"938":1,"939":18,"940":18,"941":1,"942":18,"943":18,"944":18,"945":0,"946":18,"947":18,"948":1,"949":1,"950":1,"951":1,"952":1,"953":1,"954":1,"955":1,"956":1,"957":1,"958":1,"959":1,"960":1,"961":1,"962":1,"963":1,"964":1,"965":1,"966":1,"967":1,"968":1,"969":5,"970":1,"971":1,"972":1,"973":1,"974":1,"975":1,"976":1,"977":2,"978":1,"979":1,"980":1,"981":5,"982":1,"983":9,"984":1,"985":1,"986":1,"987":1,"988":1,"989":1,"990":1,"991":1,"992":1,"993":1,"994":1,"995":1,"996":1,"997":1,"998":1,"999":5,"1000":1,"1001":1,"1002":1,"1003":1,"1004":1,"1005":1,"1006":1,"1007":2,"1008":1,"1009":1,"1010":1,"1011":5,"1012":1,"1013":9},"b":{"1":[1,0],"2":[78,51],"3":[0,10],"4":[8,0],"5":[2,2,2,2],"6":[6,0],"7":[3,3],"8":[3,3],"9":[1,0],"10":[4,0],"11":[0,2],"12":[2,0],"13":[1,3],"14":[1,0],"15":[0,2],"16":[463,396],"17":[463,402],"18":[116,0],"19":[100,0],"20":[0,0,0,0,0,0,0,0,32],"21":[0,32],"22":[0,96],"23":[3,0],"24":[4,0],"25":[2,2,2],"26":[2,0],"27":[3,0],"28":[3,463],"29":[466,3],"30":[1,0],"31":[243,52],"32":[295,0],"33":[295,295],"34":[295,0],"35":[295,295],"36":[1432,149],"37":[149,0],"38":[80,0],"39":[0,0],"40":[0,0],"41":[0,0],"42":[0,0],"43":[24,152],"44":[176,172],"45":[152,49],"46":[0,55],"47":[55,55],"48":[0,55],"49":[0,55],"50":[80,0],"51":[69,11],"52":[80,69],"53":[7,4],"54":[0,0],"55":[0,0],"56":[0,0],"57":[0,0],"58":[24,149],"59":[173,169],"60":[0,149],"61":[0,0],"62":[0,55],"63":[0,0],"64":[0,0],"65":[817,0],"66":[0,0],"67":[0,0],"68":[1,0],"69":[124,160],"70":[263,13],"71":[276,276],"72":[254,11],"73":[265,265],"74":[3,80],"75":[83,45],"76":[0,2],"77":[0,2],"78":[0,9],"79":[24,149],"80":[173,109],"81":[0,24],"82":[0,149],"83":[3,20],"84":[23,12],"85":[80,21],"86":[0,1570],"87":[0,753],"88":[0,0,0,0,0,0,0,0,0,9,9,0,0,0,0],"89":[0,0],"90":[9,0],"91":[0,753],"92":[753,0],"93":[753,0],"94":[753,0],"95":[0,753],"96":[0,0],"97":[1,0],"98":[0,21],"99":[18,3],"100":[0,22],"101":[0,18,4],"102":[0,262],"103":[106,139,9,8],"104":[0,83],"105":[0,0,0,3,80],"106":[0,2],"107":[0,2],"108":[0,2],"109":[0,2],"110":[0,173],"111":[173,0],"112":[0,0],"113":[0,9],"114":[0,9],"115":[0,55],"116":[55,0],"117":[0,55],"118":[0,55],"119":[0,23],"120":[0,23],"121":[0,23],"122":[3,20],"123":[23,12],"124":[0,101],"125":[0,101],"126":[0,101],"127":[80,21],"128":[32,0],"129":[0,32],"130":[32,0],"131":[0,32],"132":[32,0],"133":[0,0],"134":[0,0],"135":[0,0],"136":[0,0],"137":[0,0],"138":[32,0],"139":[18,0],"140":[18,0],"141":[0,18],"142":[0,1],"143":[0,1]},"f":{"1":0,"2":0,"3":0,"4":0,"5":0,"6":0,"7":0,"8":0,"9":0,"10":0,"11":0,"12":0,"13":0,"14":0,"15":0,"16":70,"17":70,"18":0,"19":0,"20":0,"21":0,"22":0,"23":0,"24":0,"25":0,"26":0,"27":0,"28":111,"29":111,"30":0,"31":0,"32":78,"33":2,"34":2,"35":0,"36":71,"37":42,"38":3,"39":3,"40":2,"41":38,"42":78,"43":3,"44":0,"45":0,"46":2,"47":0,"48":0,"49":1,"50":0,"51":4,"52":2,"53":0,"54":1,"55":0,"56":0,"57":463,"58":11,"59":11,"60":0,"61":5,"62":32,"63":2,"64":116,"65":32,"66":193,"67":137,"68":18,"69":100,"70":3,"71":2,"72":466,"73":1,"74":618,"75":0,"76":295,"77":110,"78":0,"79":0,"80":808,"81":35,"82":35,"83":0,"84":3,"85":32,"86":1581,"87":0,"88":160,"89":990,"90":13,"91":0,"92":48,"93":0,"94":80,"95":2,"96":2,"97":176,"98":55,"99":55,"100":160,"101":13,"102":31,"103":1743,"104":0,"105":0,"106":80,"107":2,"108":2,"109":173,"110":55,"111":53,"112":3,"113":2,"114":0,"115":110,"116":817,"117":0,"118":1,"119":284,"120":276,"121":265,"122":83,"123":2,"124":2,"125":2,"126":2,"127":2,"128":9,"129":173,"130":55,"131":3,"132":23,"133":101,"134":98,"135":104,"136":109,"137":32,"138":1570,"139":753,"140":9,"141":9,"142":753,"143":1,"144":21,"145":22,"146":262,"147":83,"148":2,"149":2,"150":2,"151":2,"152":2,"153":173,"154":9,"155":55,"156":3,"157":23,"158":101,"159":37,"160":20,"161":19,"162":32,"163":32,"164":18,"165":18,"166":1,"167":1,"168":1,"169":1,"170":1,"171":1,"172":1,"173":5,"174":1,"175":1,"176":1,"177":2,"178":1,"179":5,"180":9,"181":1,"182":1,"183":1,"184":1,"185":1,"186":1,"187":1,"188":5,"189":1,"190":1,"191":1,"192":2,"193":1,"194":5,"195":9,"196":37,"197":2,"198":1,"199":2,"200":1,"201":2,"202":1,"203":2,"204":1,"205":18,"206":18,"207":18,"208":18,"209":1,"210":1,"211":1,"212":1,"213":1,"214":1,"215":1,"216":1,"217":1,"218":5,"219":1,"220":1,"221":1,"222":2,"223":1,"224":5,"225":9,"226":1,"227":1,"228":1,"229":1,"230":1,"231":1,"232":1,"233":5,"234":1,"235":1,"236":1,"237":2,"238":1,"239":5,"240":9},"fnMap":{"1":{"name":"(anonymous_1)","line":11,"loc":{"start":{"line":11,"column":17},"end":{"line":11,"column":44}}},"2":{"name":"(anonymous_2)","line":17,"loc":{"start":{"line":17,"column":23},"end":{"line":17,"column":43}}},"3":{"name":"(anonymous_3)","line":23,"loc":{"start":{"line":23,"column":23},"end":{"line":23,"column":43}}},"4":{"name":"(anonymous_4)","line":29,"loc":{"start":{"line":29,"column":22},"end":{"line":29,"column":42}}},"5":{"name":"(anonymous_5)","line":35,"loc":{"start":{"line":35,"column":29},"end":{"line":35,"column":49}}},"6":{"name":"(anonymous_6)","line":41,"loc":{"start":{"line":41,"column":26},"end":{"line":41,"column":46}}},"7":{"name":"(anonymous_7)","line":47,"loc":{"start":{"line":47,"column":22},"end":{"line":47,"column":42}}},"8":{"name":"(anonymous_8)","line":74,"loc":{"start":{"line":74,"column":18},"end":{"line":74,"column":41}}},"9":{"name":"(anonymous_9)","line":75,"loc":{"start":{"line":75,"column":18},"end":{"line":75,"column":41}}},"10":{"name":"(anonymous_10)","line":80,"loc":{"start":{"line":80,"column":18},"end":{"line":80,"column":41}}},"11":{"name":"(anonymous_11)","line":81,"loc":{"start":{"line":81,"column":18},"end":{"line":81,"column":41}}},"12":{"name":"(anonymous_12)","line":86,"loc":{"start":{"line":86,"column":18},"end":{"line":86,"column":41}}},"13":{"name":"(anonymous_13)","line":87,"loc":{"start":{"line":87,"column":18},"end":{"line":87,"column":41}}},"14":{"name":"(anonymous_14)","line":92,"loc":{"start":{"line":92,"column":18},"end":{"line":92,"column":41}}},"15":{"name":"(anonymous_15)","line":93,"loc":{"start":{"line":93,"column":18},"end":{"line":93,"column":41}}},"16":{"name":"(anonymous_16)","line":98,"loc":{"start":{"line":98,"column":18},"end":{"line":98,"column":50}}},"17":{"name":"(anonymous_17)","line":99,"loc":{"start":{"line":99,"column":18},"end":{"line":99,"column":50}}},"18":{"name":"(anonymous_18)","line":104,"loc":{"start":{"line":104,"column":18},"end":{"line":104,"column":41}}},"19":{"name":"(anonymous_19)","line":105,"loc":{"start":{"line":105,"column":18},"end":{"line":105,"column":41}}},"20":{"name":"(anonymous_20)","line":110,"loc":{"start":{"line":110,"column":18},"end":{"line":110,"column":41}}},"21":{"name":"(anonymous_21)","line":111,"loc":{"start":{"line":111,"column":18},"end":{"line":111,"column":41}}},"22":{"name":"(anonymous_22)","line":116,"loc":{"start":{"line":116,"column":18},"end":{"line":116,"column":41}}},"23":{"name":"(anonymous_23)","line":117,"loc":{"start":{"line":117,"column":18},"end":{"line":117,"column":41}}},"24":{"name":"(anonymous_24)","line":122,"loc":{"start":{"line":122,"column":18},"end":{"line":122,"column":41}}},"25":{"name":"(anonymous_25)","line":123,"loc":{"start":{"line":123,"column":18},"end":{"line":123,"column":41}}},"26":{"name":"(anonymous_26)","line":128,"loc":{"start":{"line":128,"column":18},"end":{"line":128,"column":41}}},"27":{"name":"(anonymous_27)","line":129,"loc":{"start":{"line":129,"column":18},"end":{"line":129,"column":41}}},"28":{"name":"(anonymous_28)","line":134,"loc":{"start":{"line":134,"column":18},"end":{"line":134,"column":47}}},"29":{"name":"(anonymous_29)","line":135,"loc":{"start":{"line":135,"column":18},"end":{"line":135,"column":47}}},"30":{"name":"(anonymous_30)","line":140,"loc":{"start":{"line":140,"column":18},"end":{"line":140,"column":41}}},"31":{"name":"(anonymous_31)","line":141,"loc":{"start":{"line":141,"column":18},"end":{"line":141,"column":41}}},"32":{"name":"(anonymous_32)","line":148,"loc":{"start":{"line":148,"column":15},"end":{"line":148,"column":40}}},"33":{"name":"(anonymous_33)","line":155,"loc":{"start":{"line":155,"column":29},"end":{"line":155,"column":67}}},"34":{"name":"(anonymous_34)","line":156,"loc":{"start":{"line":156,"column":29},"end":{"line":156,"column":67}}},"35":{"name":"(anonymous_35)","line":157,"loc":{"start":{"line":157,"column":29},"end":{"line":157,"column":40}}},"36":{"name":"(anonymous_36)","line":158,"loc":{"start":{"line":158,"column":29},"end":{"line":158,"column":45}}},"37":{"name":"(anonymous_37)","line":159,"loc":{"start":{"line":159,"column":29},"end":{"line":159,"column":45}}},"38":{"name":"(anonymous_38)","line":160,"loc":{"start":{"line":160,"column":29},"end":{"line":160,"column":48}}},"39":{"name":"(anonymous_39)","line":165,"loc":{"start":{"line":165,"column":30},"end":{"line":165,"column":42}}},"40":{"name":"(anonymous_40)","line":174,"loc":{"start":{"line":174,"column":36},"end":{"line":174,"column":52}}},"41":{"name":"(anonymous_41)","line":190,"loc":{"start":{"line":190,"column":46},"end":{"line":190,"column":58}}},"42":{"name":"(anonymous_42)","line":192,"loc":{"start":{"line":192,"column":12},"end":{"line":192,"column":36}}},"43":{"name":"(anonymous_43)","line":199,"loc":{"start":{"line":199,"column":15},"end":{"line":199,"column":54}}},"44":{"name":"(anonymous_44)","line":209,"loc":{"start":{"line":209,"column":29},"end":{"line":209,"column":60}}},"45":{"name":"(anonymous_45)","line":210,"loc":{"start":{"line":210,"column":29},"end":{"line":210,"column":60}}},"46":{"name":"(anonymous_46)","line":211,"loc":{"start":{"line":211,"column":29},"end":{"line":211,"column":54}}},"47":{"name":"(anonymous_47)","line":212,"loc":{"start":{"line":212,"column":29},"end":{"line":212,"column":54}}},"48":{"name":"(anonymous_48)","line":213,"loc":{"start":{"line":213,"column":29},"end":{"line":213,"column":54}}},"49":{"name":"(anonymous_49)","line":214,"loc":{"start":{"line":214,"column":29},"end":{"line":214,"column":54}}},"50":{"name":"(anonymous_50)","line":215,"loc":{"start":{"line":215,"column":29},"end":{"line":215,"column":54}}},"51":{"name":"(anonymous_51)","line":216,"loc":{"start":{"line":216,"column":29},"end":{"line":216,"column":54}}},"52":{"name":"(anonymous_52)","line":231,"loc":{"start":{"line":231,"column":25},"end":{"line":231,"column":39}}},"53":{"name":"(anonymous_53)","line":243,"loc":{"start":{"line":243,"column":29},"end":{"line":243,"column":40}}},"54":{"name":"(anonymous_54)","line":250,"loc":{"start":{"line":250,"column":29},"end":{"line":250,"column":48}}},"55":{"name":"(anonymous_55)","line":260,"loc":{"start":{"line":260,"column":30},"end":{"line":260,"column":42}}},"56":{"name":"(anonymous_56)","line":264,"loc":{"start":{"line":264,"column":36},"end":{"line":264,"column":48}}},"57":{"name":"(anonymous_57)","line":268,"loc":{"start":{"line":268,"column":14},"end":{"line":268,"column":54}}},"58":{"name":"(anonymous_58)","line":277,"loc":{"start":{"line":277,"column":28},"end":{"line":277,"column":53}}},"59":{"name":"(anonymous_59)","line":278,"loc":{"start":{"line":278,"column":28},"end":{"line":278,"column":53}}},"60":{"name":"(anonymous_60)","line":279,"loc":{"start":{"line":279,"column":28},"end":{"line":279,"column":53}}},"61":{"name":"(anonymous_61)","line":280,"loc":{"start":{"line":280,"column":28},"end":{"line":280,"column":53}}},"62":{"name":"(anonymous_62)","line":281,"loc":{"start":{"line":281,"column":28},"end":{"line":281,"column":53}}},"63":{"name":"(anonymous_63)","line":282,"loc":{"start":{"line":282,"column":28},"end":{"line":282,"column":53}}},"64":{"name":"(anonymous_64)","line":283,"loc":{"start":{"line":283,"column":28},"end":{"line":283,"column":53}}},"65":{"name":"(anonymous_65)","line":284,"loc":{"start":{"line":284,"column":28},"end":{"line":284,"column":53}}},"66":{"name":"(anonymous_66)","line":285,"loc":{"start":{"line":285,"column":28},"end":{"line":285,"column":53}}},"67":{"name":"(anonymous_67)","line":286,"loc":{"start":{"line":286,"column":28},"end":{"line":286,"column":53}}},"68":{"name":"(anonymous_68)","line":287,"loc":{"start":{"line":287,"column":28},"end":{"line":287,"column":53}}},"69":{"name":"(anonymous_69)","line":288,"loc":{"start":{"line":288,"column":28},"end":{"line":288,"column":59}}},"70":{"name":"(anonymous_70)","line":315,"loc":{"start":{"line":315,"column":29},"end":{"line":315,"column":41}}},"71":{"name":"(anonymous_71)","line":327,"loc":{"start":{"line":327,"column":35},"end":{"line":327,"column":51}}},"72":{"name":"(anonymous_72)","line":344,"loc":{"start":{"line":344,"column":11},"end":{"line":344,"column":50}}},"73":{"name":"(anonymous_73)","line":355,"loc":{"start":{"line":355,"column":24},"end":{"line":355,"column":36}}},"74":{"name":"(anonymous_74)","line":357,"loc":{"start":{"line":357,"column":15},"end":{"line":357,"column":31}}},"75":{"name":"(anonymous_75)","line":361,"loc":{"start":{"line":361,"column":15},"end":{"line":361,"column":31}}},"76":{"name":"(anonymous_76)","line":367,"loc":{"start":{"line":367,"column":17},"end":{"line":367,"column":35}}},"77":{"name":"(anonymous_77)","line":379,"loc":{"start":{"line":379,"column":54},"end":{"line":379,"column":66}}},"78":{"name":"(anonymous_78)","line":380,"loc":{"start":{"line":380,"column":54},"end":{"line":380,"column":66}}},"79":{"name":"(anonymous_79)","line":381,"loc":{"start":{"line":381,"column":54},"end":{"line":381,"column":66}}},"80":{"name":"(anonymous_80)","line":382,"loc":{"start":{"line":382,"column":54},"end":{"line":382,"column":74}}},"81":{"name":"(anonymous_81)","line":384,"loc":{"start":{"line":384,"column":24},"end":{"line":384,"column":48}}},"82":{"name":"(anonymous_82)","line":388,"loc":{"start":{"line":388,"column":23},"end":{"line":388,"column":47}}},"83":{"name":"(anonymous_83)","line":392,"loc":{"start":{"line":392,"column":21},"end":{"line":392,"column":33}}},"84":{"name":"(anonymous_84)","line":396,"loc":{"start":{"line":396,"column":22},"end":{"line":396,"column":38}}},"85":{"name":"(anonymous_85)","line":402,"loc":{"start":{"line":402,"column":33},"end":{"line":402,"column":45}}},"86":{"name":"(anonymous_86)","line":407,"loc":{"start":{"line":407,"column":37},"end":{"line":407,"column":59}}},"87":{"name":"(anonymous_87)","line":422,"loc":{"start":{"line":422,"column":35},"end":{"line":422,"column":76}}},"88":{"name":"(anonymous_88)","line":426,"loc":{"start":{"line":426,"column":37},"end":{"line":426,"column":54}}},"89":{"name":"(anonymous_89)","line":434,"loc":{"start":{"line":434,"column":38},"end":{"line":434,"column":55}}},"90":{"name":"(anonymous_90)","line":442,"loc":{"start":{"line":442,"column":38},"end":{"line":442,"column":55}}},"91":{"name":"(anonymous_91)","line":450,"loc":{"start":{"line":450,"column":39},"end":{"line":450,"column":56}}},"92":{"name":"(anonymous_92)","line":458,"loc":{"start":{"line":458,"column":38},"end":{"line":458,"column":55}}},"93":{"name":"(anonymous_93)","line":466,"loc":{"start":{"line":466,"column":39},"end":{"line":466,"column":56}}},"94":{"name":"(anonymous_94)","line":474,"loc":{"start":{"line":474,"column":39},"end":{"line":474,"column":65}}},"95":{"name":"(anonymous_95)","line":511,"loc":{"start":{"line":511,"column":38},"end":{"line":511,"column":55}}},"96":{"name":"(anonymous_96)","line":518,"loc":{"start":{"line":518,"column":39},"end":{"line":518,"column":56}}},"97":{"name":"(anonymous_97)","line":525,"loc":{"start":{"line":525,"column":39},"end":{"line":525,"column":74}}},"98":{"name":"(anonymous_98)","line":544,"loc":{"start":{"line":544,"column":42},"end":{"line":544,"column":66}}},"99":{"name":"(anonymous_99)","line":553,"loc":{"start":{"line":553,"column":43},"end":{"line":553,"column":84}}},"100":{"name":"(anonymous_100)","line":563,"loc":{"start":{"line":563,"column":36},"end":{"line":563,"column":48}}},"101":{"name":"(anonymous_101)","line":567,"loc":{"start":{"line":567,"column":37},"end":{"line":567,"column":49}}},"102":{"name":"(anonymous_102)","line":572,"loc":{"start":{"line":572,"column":37},"end":{"line":572,"column":49}}},"103":{"name":"(anonymous_103)","line":577,"loc":{"start":{"line":577,"column":37},"end":{"line":577,"column":49}}},"104":{"name":"(anonymous_104)","line":582,"loc":{"start":{"line":582,"column":38},"end":{"line":582,"column":50}}},"105":{"name":"(anonymous_105)","line":587,"loc":{"start":{"line":587,"column":38},"end":{"line":587,"column":50}}},"106":{"name":"(anonymous_106)","line":592,"loc":{"start":{"line":592,"column":37},"end":{"line":592,"column":55}}},"107":{"name":"(anonymous_107)","line":625,"loc":{"start":{"line":625,"column":37},"end":{"line":625,"column":48}}},"108":{"name":"(anonymous_108)","line":630,"loc":{"start":{"line":630,"column":38},"end":{"line":630,"column":49}}},"109":{"name":"(anonymous_109)","line":635,"loc":{"start":{"line":635,"column":38},"end":{"line":635,"column":66}}},"110":{"name":"(anonymous_110)","line":662,"loc":{"start":{"line":662,"column":41},"end":{"line":662,"column":71}}},"111":{"name":"(anonymous_111)","line":679,"loc":{"start":{"line":679,"column":40},"end":{"line":679,"column":52}}},"112":{"name":"(anonymous_112)","line":685,"loc":{"start":{"line":685,"column":46},"end":{"line":685,"column":58}}},"113":{"name":"(anonymous_113)","line":689,"loc":{"start":{"line":689,"column":36},"end":{"line":689,"column":48}}},"114":{"name":"(anonymous_114)","line":695,"loc":{"start":{"line":695,"column":33},"end":{"line":695,"column":44}}},"115":{"name":"(anonymous_115)","line":707,"loc":{"start":{"line":707,"column":24},"end":{"line":707,"column":36}}},"116":{"name":"(anonymous_116)","line":711,"loc":{"start":{"line":711,"column":43},"end":{"line":711,"column":64}}},"117":{"name":"(anonymous_117)","line":719,"loc":{"start":{"line":719,"column":50},"end":{"line":719,"column":67}}},"118":{"name":"(anonymous_118)","line":729,"loc":{"start":{"line":729,"column":47},"end":{"line":729,"column":69}}},"119":{"name":"(anonymous_119)","line":733,"loc":{"start":{"line":733,"column":44},"end":{"line":733,"column":66}}},"120":{"name":"(anonymous_120)","line":743,"loc":{"start":{"line":743,"column":45},"end":{"line":743,"column":67}}},"121":{"name":"(anonymous_121)","line":753,"loc":{"start":{"line":753,"column":45},"end":{"line":753,"column":67}}},"122":{"name":"(anonymous_122)","line":763,"loc":{"start":{"line":763,"column":45},"end":{"line":763,"column":76}}},"123":{"name":"(anonymous_123)","line":773,"loc":{"start":{"line":773,"column":45},"end":{"line":773,"column":67}}},"124":{"name":"(anonymous_124)","line":777,"loc":{"start":{"line":777,"column":46},"end":{"line":777,"column":68}}},"125":{"name":"(anonymous_125)","line":781,"loc":{"start":{"line":781,"column":46},"end":{"line":781,"column":68}}},"126":{"name":"(anonymous_126)","line":785,"loc":{"start":{"line":785,"column":45},"end":{"line":785,"column":67}}},"127":{"name":"(anonymous_127)","line":794,"loc":{"start":{"line":794,"column":46},"end":{"line":794,"column":68}}},"128":{"name":"(anonymous_128)","line":803,"loc":{"start":{"line":803,"column":46},"end":{"line":803,"column":68}}},"129":{"name":"(anonymous_129)","line":813,"loc":{"start":{"line":813,"column":46},"end":{"line":813,"column":74}}},"130":{"name":"(anonymous_130)","line":840,"loc":{"start":{"line":840,"column":45},"end":{"line":840,"column":67}}},"131":{"name":"(anonymous_131)","line":846,"loc":{"start":{"line":846,"column":48},"end":{"line":846,"column":58}}},"132":{"name":"(anonymous_132)","line":847,"loc":{"start":{"line":847,"column":44},"end":{"line":847,"column":72}}},"133":{"name":"(anonymous_133)","line":862,"loc":{"start":{"line":862,"column":44},"end":{"line":862,"column":66}}},"134":{"name":"(anonymous_134)","line":871,"loc":{"start":{"line":871,"column":18},"end":{"line":871,"column":37}}},"135":{"name":"(anonymous_135)","line":877,"loc":{"start":{"line":877,"column":47},"end":{"line":877,"column":58}}},"136":{"name":"(anonymous_136)","line":884,"loc":{"start":{"line":884,"column":23},"end":{"line":884,"column":44}}},"137":{"name":"(anonymous_137)","line":889,"loc":{"start":{"line":889,"column":46},"end":{"line":889,"column":67}}},"138":{"name":"(anonymous_138)","line":894,"loc":{"start":{"line":894,"column":43},"end":{"line":894,"column":55}}},"139":{"name":"(anonymous_139)","line":903,"loc":{"start":{"line":903,"column":43},"end":{"line":903,"column":55}}},"140":{"name":"(anonymous_140)","line":911,"loc":{"start":{"line":911,"column":44},"end":{"line":911,"column":60}}},"141":{"name":"(anonymous_141)","line":964,"loc":{"start":{"line":964,"column":50},"end":{"line":964,"column":62}}},"142":{"name":"(anonymous_142)","line":974,"loc":{"start":{"line":974,"column":44},"end":{"line":974,"column":68}}},"143":{"name":"(anonymous_143)","line":996,"loc":{"start":{"line":996,"column":45},"end":{"line":996,"column":84}}},"144":{"name":"(anonymous_144)","line":1000,"loc":{"start":{"line":1000,"column":42},"end":{"line":1000,"column":81}}},"145":{"name":"(anonymous_145)","line":1012,"loc":{"start":{"line":1012,"column":43},"end":{"line":1012,"column":82}}},"146":{"name":"(anonymous_146)","line":1025,"loc":{"start":{"line":1025,"column":43},"end":{"line":1025,"column":83}}},"147":{"name":"(anonymous_147)","line":1039,"loc":{"start":{"line":1039,"column":43},"end":{"line":1039,"column":91}}},"148":{"name":"(anonymous_148)","line":1054,"loc":{"start":{"line":1054,"column":43},"end":{"line":1054,"column":82}}},"149":{"name":"(anonymous_149)","line":1066,"loc":{"start":{"line":1066,"column":44},"end":{"line":1066,"column":83}}},"150":{"name":"(anonymous_150)","line":1078,"loc":{"start":{"line":1078,"column":43},"end":{"line":1078,"column":83}}},"151":{"name":"(anonymous_151)","line":1082,"loc":{"start":{"line":1082,"column":44},"end":{"line":1082,"column":83}}},"152":{"name":"(anonymous_152)","line":1086,"loc":{"start":{"line":1086,"column":44},"end":{"line":1086,"column":83}}},"153":{"name":"(anonymous_153)","line":1090,"loc":{"start":{"line":1090,"column":44},"end":{"line":1090,"column":89}}},"154":{"name":"(anonymous_154)","line":1105,"loc":{"start":{"line":1105,"column":44},"end":{"line":1105,"column":76}}},"155":{"name":"(anonymous_155)","line":1118,"loc":{"start":{"line":1118,"column":44},"end":{"line":1118,"column":81}}},"156":{"name":"(anonymous_156)","line":1141,"loc":{"start":{"line":1141,"column":47},"end":{"line":1141,"column":57}}},"157":{"name":"(anonymous_157)","line":1142,"loc":{"start":{"line":1142,"column":42},"end":{"line":1142,"column":79}}},"158":{"name":"(anonymous_158)","line":1169,"loc":{"start":{"line":1169,"column":41},"end":{"line":1169,"column":72}}},"159":{"name":"(anonymous_159)","line":1200,"loc":{"start":{"line":1200,"column":20},"end":{"line":1200,"column":32}}},"160":{"name":"(anonymous_160)","line":1207,"loc":{"start":{"line":1207,"column":40},"end":{"line":1207,"column":51}}},"161":{"name":"(anonymous_161)","line":1208,"loc":{"start":{"line":1208,"column":40},"end":{"line":1208,"column":56}}},"162":{"name":"(anonymous_162)","line":1215,"loc":{"start":{"line":1215,"column":38},"end":{"line":1215,"column":90}}},"163":{"name":"(anonymous_163)","line":1243,"loc":{"start":{"line":1243,"column":38},"end":{"line":1243,"column":82}}},"164":{"name":"(anonymous_164)","line":1256,"loc":{"start":{"line":1256,"column":37},"end":{"line":1256,"column":57}}},"165":{"name":"(anonymous_165)","line":1267,"loc":{"start":{"line":1267,"column":37},"end":{"line":1267,"column":48}}},"166":{"name":"(anonymous_166)","line":1273,"loc":{"start":{"line":1273,"column":43},"end":{"line":1273,"column":65}}},"167":{"name":"(anonymous_167)","line":1274,"loc":{"start":{"line":1274,"column":43},"end":{"line":1274,"column":65}}},"168":{"name":"(anonymous_168)","line":1275,"loc":{"start":{"line":1275,"column":43},"end":{"line":1275,"column":65}}},"169":{"name":"(anonymous_169)","line":1276,"loc":{"start":{"line":1276,"column":43},"end":{"line":1276,"column":65}}},"170":{"name":"(anonymous_170)","line":1277,"loc":{"start":{"line":1277,"column":43},"end":{"line":1277,"column":65}}},"171":{"name":"(anonymous_171)","line":1278,"loc":{"start":{"line":1278,"column":43},"end":{"line":1278,"column":65}}},"172":{"name":"(anonymous_172)","line":1279,"loc":{"start":{"line":1279,"column":43},"end":{"line":1279,"column":65}}},"173":{"name":"(anonymous_173)","line":1280,"loc":{"start":{"line":1280,"column":43},"end":{"line":1280,"column":73}}},"174":{"name":"(anonymous_174)","line":1281,"loc":{"start":{"line":1281,"column":43},"end":{"line":1281,"column":65}}},"175":{"name":"(anonymous_175)","line":1282,"loc":{"start":{"line":1282,"column":43},"end":{"line":1282,"column":65}}},"176":{"name":"(anonymous_176)","line":1283,"loc":{"start":{"line":1283,"column":43},"end":{"line":1283,"column":65}}},"177":{"name":"(anonymous_177)","line":1284,"loc":{"start":{"line":1284,"column":43},"end":{"line":1284,"column":73}}},"178":{"name":"(anonymous_178)","line":1285,"loc":{"start":{"line":1285,"column":43},"end":{"line":1285,"column":65}}},"179":{"name":"(anonymous_179)","line":1286,"loc":{"start":{"line":1286,"column":43},"end":{"line":1286,"column":65}}},"180":{"name":"(anonymous_180)","line":1287,"loc":{"start":{"line":1287,"column":43},"end":{"line":1287,"column":65}}},"181":{"name":"(anonymous_181)","line":1289,"loc":{"start":{"line":1289,"column":43},"end":{"line":1289,"column":73}}},"182":{"name":"(anonymous_182)","line":1290,"loc":{"start":{"line":1290,"column":43},"end":{"line":1290,"column":73}}},"183":{"name":"(anonymous_183)","line":1291,"loc":{"start":{"line":1291,"column":43},"end":{"line":1291,"column":73}}},"184":{"name":"(anonymous_184)","line":1292,"loc":{"start":{"line":1292,"column":43},"end":{"line":1292,"column":73}}},"185":{"name":"(anonymous_185)","line":1293,"loc":{"start":{"line":1293,"column":43},"end":{"line":1293,"column":73}}},"186":{"name":"(anonymous_186)","line":1294,"loc":{"start":{"line":1294,"column":43},"end":{"line":1294,"column":73}}},"187":{"name":"(anonymous_187)","line":1295,"loc":{"start":{"line":1295,"column":43},"end":{"line":1295,"column":73}}},"188":{"name":"(anonymous_188)","line":1296,"loc":{"start":{"line":1296,"column":43},"end":{"line":1296,"column":81}}},"189":{"name":"(anonymous_189)","line":1297,"loc":{"start":{"line":1297,"column":43},"end":{"line":1297,"column":73}}},"190":{"name":"(anonymous_190)","line":1298,"loc":{"start":{"line":1298,"column":43},"end":{"line":1298,"column":73}}},"191":{"name":"(anonymous_191)","line":1299,"loc":{"start":{"line":1299,"column":43},"end":{"line":1299,"column":73}}},"192":{"name":"(anonymous_192)","line":1300,"loc":{"start":{"line":1300,"column":43},"end":{"line":1300,"column":81}}},"193":{"name":"(anonymous_193)","line":1301,"loc":{"start":{"line":1301,"column":43},"end":{"line":1301,"column":81}}},"194":{"name":"(anonymous_194)","line":1302,"loc":{"start":{"line":1302,"column":43},"end":{"line":1302,"column":81}}},"195":{"name":"(anonymous_195)","line":1303,"loc":{"start":{"line":1303,"column":43},"end":{"line":1303,"column":81}}},"196":{"name":"(anonymous_196)","line":1305,"loc":{"start":{"line":1305,"column":11},"end":{"line":1305,"column":23}}},"197":{"name":"(anonymous_197)","line":1318,"loc":{"start":{"line":1318,"column":41},"end":{"line":1318,"column":52}}},"198":{"name":"(anonymous_198)","line":1319,"loc":{"start":{"line":1319,"column":41},"end":{"line":1319,"column":57}}},"199":{"name":"(anonymous_199)","line":1320,"loc":{"start":{"line":1320,"column":41},"end":{"line":1320,"column":52}}},"200":{"name":"(anonymous_200)","line":1321,"loc":{"start":{"line":1321,"column":41},"end":{"line":1321,"column":57}}},"201":{"name":"(anonymous_201)","line":1322,"loc":{"start":{"line":1322,"column":41},"end":{"line":1322,"column":52}}},"202":{"name":"(anonymous_202)","line":1323,"loc":{"start":{"line":1323,"column":41},"end":{"line":1323,"column":57}}},"203":{"name":"(anonymous_203)","line":1324,"loc":{"start":{"line":1324,"column":41},"end":{"line":1324,"column":52}}},"204":{"name":"(anonymous_204)","line":1325,"loc":{"start":{"line":1325,"column":41},"end":{"line":1325,"column":57}}},"205":{"name":"(anonymous_205)","line":1332,"loc":{"start":{"line":1332,"column":30},"end":{"line":1332,"column":41}}},"206":{"name":"(anonymous_206)","line":1357,"loc":{"start":{"line":1357,"column":31},"end":{"line":1357,"column":44}}},"207":{"name":"(anonymous_207)","line":1372,"loc":{"start":{"line":1372,"column":28},"end":{"line":1372,"column":39}}},"208":{"name":"(anonymous_208)","line":1377,"loc":{"start":{"line":1377,"column":28},"end":{"line":1377,"column":49}}},"209":{"name":"(anonymous_209)","line":1387,"loc":{"start":{"line":1387,"column":39},"end":{"line":1387,"column":51}}},"210":{"name":"(anonymous_210)","line":1392,"loc":{"start":{"line":1392,"column":39},"end":{"line":1392,"column":51}}},"211":{"name":"(anonymous_211)","line":1397,"loc":{"start":{"line":1397,"column":34},"end":{"line":1397,"column":56}}},"212":{"name":"(anonymous_212)","line":1398,"loc":{"start":{"line":1398,"column":34},"end":{"line":1398,"column":56}}},"213":{"name":"(anonymous_213)","line":1399,"loc":{"start":{"line":1399,"column":34},"end":{"line":1399,"column":56}}},"214":{"name":"(anonymous_214)","line":1400,"loc":{"start":{"line":1400,"column":34},"end":{"line":1400,"column":56}}},"215":{"name":"(anonymous_215)","line":1401,"loc":{"start":{"line":1401,"column":34},"end":{"line":1401,"column":56}}},"216":{"name":"(anonymous_216)","line":1402,"loc":{"start":{"line":1402,"column":34},"end":{"line":1402,"column":56}}},"217":{"name":"(anonymous_217)","line":1403,"loc":{"start":{"line":1403,"column":34},"end":{"line":1403,"column":56}}},"218":{"name":"(anonymous_218)","line":1404,"loc":{"start":{"line":1404,"column":34},"end":{"line":1404,"column":64}}},"219":{"name":"(anonymous_219)","line":1405,"loc":{"start":{"line":1405,"column":34},"end":{"line":1405,"column":56}}},"220":{"name":"(anonymous_220)","line":1406,"loc":{"start":{"line":1406,"column":34},"end":{"line":1406,"column":56}}},"221":{"name":"(anonymous_221)","line":1407,"loc":{"start":{"line":1407,"column":34},"end":{"line":1407,"column":56}}},"222":{"name":"(anonymous_222)","line":1408,"loc":{"start":{"line":1408,"column":34},"end":{"line":1408,"column":64}}},"223":{"name":"(anonymous_223)","line":1409,"loc":{"start":{"line":1409,"column":34},"end":{"line":1409,"column":56}}},"224":{"name":"(anonymous_224)","line":1410,"loc":{"start":{"line":1410,"column":34},"end":{"line":1410,"column":56}}},"225":{"name":"(anonymous_225)","line":1411,"loc":{"start":{"line":1411,"column":34},"end":{"line":1411,"column":56}}},"226":{"name":"(anonymous_226)","line":1413,"loc":{"start":{"line":1413,"column":34},"end":{"line":1413,"column":72}}},"227":{"name":"(anonymous_227)","line":1414,"loc":{"start":{"line":1414,"column":34},"end":{"line":1414,"column":72}}},"228":{"name":"(anonymous_228)","line":1415,"loc":{"start":{"line":1415,"column":34},"end":{"line":1415,"column":72}}},"229":{"name":"(anonymous_229)","line":1416,"loc":{"start":{"line":1416,"column":34},"end":{"line":1416,"column":72}}},"230":{"name":"(anonymous_230)","line":1417,"loc":{"start":{"line":1417,"column":34},"end":{"line":1417,"column":72}}},"231":{"name":"(anonymous_231)","line":1418,"loc":{"start":{"line":1418,"column":34},"end":{"line":1418,"column":72}}},"232":{"name":"(anonymous_232)","line":1419,"loc":{"start":{"line":1419,"column":34},"end":{"line":1419,"column":72}}},"233":{"name":"(anonymous_233)","line":1420,"loc":{"start":{"line":1420,"column":34},"end":{"line":1420,"column":80}}},"234":{"name":"(anonymous_234)","line":1421,"loc":{"start":{"line":1421,"column":34},"end":{"line":1421,"column":72}}},"235":{"name":"(anonymous_235)","line":1422,"loc":{"start":{"line":1422,"column":34},"end":{"line":1422,"column":72}}},"236":{"name":"(anonymous_236)","line":1423,"loc":{"start":{"line":1423,"column":34},"end":{"line":1423,"column":72}}},"237":{"name":"(anonymous_237)","line":1424,"loc":{"start":{"line":1424,"column":34},"end":{"line":1424,"column":80}}},"238":{"name":"(anonymous_238)","line":1425,"loc":{"start":{"line":1425,"column":34},"end":{"line":1425,"column":72}}},"239":{"name":"(anonymous_239)","line":1426,"loc":{"start":{"line":1426,"column":34},"end":{"line":1426,"column":72}}},"240":{"name":"(anonymous_240)","line":1427,"loc":{"start":{"line":1427,"column":34},"end":{"line":1427,"column":72}}}},"statementMap":{"1":{"start":{"line":1,"column":0},"end":{"line":1,"column":31}},"2":{"start":{"line":2,"column":0},"end":{"line":2,"column":29}},"3":{"start":{"line":3,"column":0},"end":{"line":3,"column":34}},"4":{"start":{"line":4,"column":0},"end":{"line":4,"column":23}},"5":{"start":{"line":5,"column":0},"end":{"line":5,"column":22}},"6":{"start":{"line":6,"column":0},"end":{"line":6,"column":92}},"7":{"start":{"line":11,"column":0},"end":{"line":14,"column":1}},"8":{"start":{"line":12,"column":4},"end":{"line":12,"column":25}},"9":{"start":{"line":13,"column":4},"end":{"line":13,"column":28}},"10":{"start":{"line":15,"column":0},"end":{"line":15,"column":37}},"11":{"start":{"line":17,"column":0},"end":{"line":20,"column":1}},"12":{"start":{"line":18,"column":4},"end":{"line":18,"column":22}},"13":{"start":{"line":19,"column":4},"end":{"line":19,"column":28}},"14":{"start":{"line":21,"column":0},"end":{"line":21,"column":52}},"15":{"start":{"line":23,"column":0},"end":{"line":26,"column":1}},"16":{"start":{"line":24,"column":4},"end":{"line":24,"column":22}},"17":{"start":{"line":25,"column":4},"end":{"line":25,"column":28}},"18":{"start":{"line":27,"column":0},"end":{"line":27,"column":52}},"19":{"start":{"line":29,"column":0},"end":{"line":32,"column":1}},"20":{"start":{"line":30,"column":4},"end":{"line":30,"column":22}},"21":{"start":{"line":31,"column":4},"end":{"line":31,"column":28}},"22":{"start":{"line":33,"column":0},"end":{"line":33,"column":57}},"23":{"start":{"line":35,"column":0},"end":{"line":38,"column":1}},"24":{"start":{"line":36,"column":4},"end":{"line":36,"column":22}},"25":{"start":{"line":37,"column":4},"end":{"line":37,"column":28}},"26":{"start":{"line":39,"column":0},"end":{"line":39,"column":64}},"27":{"start":{"line":41,"column":0},"end":{"line":44,"column":1}},"28":{"start":{"line":42,"column":4},"end":{"line":42,"column":22}},"29":{"start":{"line":43,"column":4},"end":{"line":43,"column":28}},"30":{"start":{"line":45,"column":0},"end":{"line":45,"column":61}},"31":{"start":{"line":47,"column":0},"end":{"line":50,"column":1}},"32":{"start":{"line":48,"column":4},"end":{"line":48,"column":22}},"33":{"start":{"line":49,"column":4},"end":{"line":49,"column":28}},"34":{"start":{"line":51,"column":0},"end":{"line":51,"column":51}},"35":{"start":{"line":56,"column":0},"end":{"line":71,"column":2}},"36":{"start":{"line":73,"column":0},"end":{"line":77,"column":2}},"37":{"start":{"line":74,"column":43},"end":{"line":74,"column":76}},"38":{"start":{"line":75,"column":43},"end":{"line":75,"column":81}},"39":{"start":{"line":79,"column":0},"end":{"line":83,"column":2}},"40":{"start":{"line":80,"column":43},"end":{"line":80,"column":73}},"41":{"start":{"line":81,"column":43},"end":{"line":81,"column":78}},"42":{"start":{"line":85,"column":0},"end":{"line":89,"column":2}},"43":{"start":{"line":86,"column":43},"end":{"line":86,"column":74}},"44":{"start":{"line":87,"column":43},"end":{"line":87,"column":79}},"45":{"start":{"line":91,"column":0},"end":{"line":95,"column":2}},"46":{"start":{"line":92,"column":43},"end":{"line":92,"column":74}},"47":{"start":{"line":93,"column":43},"end":{"line":93,"column":79}},"48":{"start":{"line":97,"column":0},"end":{"line":101,"column":2}},"49":{"start":{"line":98,"column":52},"end":{"line":98,"column":92}},"50":{"start":{"line":99,"column":52},"end":{"line":99,"column":97}},"51":{"start":{"line":103,"column":0},"end":{"line":107,"column":2}},"52":{"start":{"line":104,"column":43},"end":{"line":104,"column":74}},"53":{"start":{"line":105,"column":43},"end":{"line":105,"column":79}},"54":{"start":{"line":109,"column":0},"end":{"line":113,"column":2}},"55":{"start":{"line":110,"column":43},"end":{"line":110,"column":74}},"56":{"start":{"line":111,"column":43},"end":{"line":111,"column":79}},"57":{"start":{"line":115,"column":0},"end":{"line":119,"column":2}},"58":{"start":{"line":116,"column":43},"end":{"line":116,"column":74}},"59":{"start":{"line":117,"column":43},"end":{"line":117,"column":79}},"60":{"start":{"line":121,"column":0},"end":{"line":125,"column":2}},"61":{"start":{"line":122,"column":43},"end":{"line":122,"column":74}},"62":{"start":{"line":123,"column":43},"end":{"line":123,"column":79}},"63":{"start":{"line":127,"column":0},"end":{"line":131,"column":2}},"64":{"start":{"line":128,"column":43},"end":{"line":128,"column":75}},"65":{"start":{"line":129,"column":43},"end":{"line":129,"column":80}},"66":{"start":{"line":133,"column":0},"end":{"line":137,"column":2}},"67":{"start":{"line":134,"column":49},"end":{"line":134,"column":87}},"68":{"start":{"line":135,"column":49},"end":{"line":135,"column":92}},"69":{"start":{"line":139,"column":0},"end":{"line":143,"column":2}},"70":{"start":{"line":140,"column":43},"end":{"line":140,"column":74}},"71":{"start":{"line":141,"column":43},"end":{"line":141,"column":79}},"72":{"start":{"line":148,"column":0},"end":{"line":153,"column":2}},"73":{"start":{"line":149,"column":4},"end":{"line":149,"column":28}},"74":{"start":{"line":150,"column":4},"end":{"line":150,"column":31}},"75":{"start":{"line":151,"column":4},"end":{"line":151,"column":34}},"76":{"start":{"line":152,"column":4},"end":{"line":152,"column":55}},"77":{"start":{"line":155,"column":0},"end":{"line":155,"column":117}},"78":{"start":{"line":155,"column":69},"end":{"line":155,"column":114}},"79":{"start":{"line":156,"column":0},"end":{"line":156,"column":122}},"80":{"start":{"line":156,"column":69},"end":{"line":156,"column":119}},"81":{"start":{"line":157,"column":0},"end":{"line":157,"column":78}},"82":{"start":{"line":157,"column":42},"end":{"line":157,"column":75}},"83":{"start":{"line":158,"column":0},"end":{"line":158,"column":75}},"84":{"start":{"line":158,"column":47},"end":{"line":158,"column":72}},"85":{"start":{"line":159,"column":0},"end":{"line":159,"column":73}},"86":{"start":{"line":159,"column":47},"end":{"line":159,"column":70}},"87":{"start":{"line":160,"column":0},"end":{"line":164,"column":2}},"88":{"start":{"line":161,"column":4},"end":{"line":163,"column":5}},"89":{"start":{"line":162,"column":8},"end":{"line":162,"column":78}},"90":{"start":{"line":162,"column":72},"end":{"line":162,"column":78}},"91":{"start":{"line":165,"column":0},"end":{"line":172,"column":2}},"92":{"start":{"line":166,"column":4},"end":{"line":166,"column":17}},"93":{"start":{"line":167,"column":4},"end":{"line":169,"column":5}},"94":{"start":{"line":168,"column":8},"end":{"line":168,"column":81}},"95":{"start":{"line":171,"column":4},"end":{"line":171,"column":15}},"96":{"start":{"line":174,"column":0},"end":{"line":188,"column":1}},"97":{"start":{"line":175,"column":4},"end":{"line":175,"column":105}},"98":{"start":{"line":177,"column":4},"end":{"line":185,"column":5}},"99":{"start":{"line":178,"column":8},"end":{"line":184,"column":9}},"100":{"start":{"line":179,"column":12},"end":{"line":179,"column":31}},"101":{"start":{"line":181,"column":12},"end":{"line":181,"column":41}},"102":{"start":{"line":182,"column":12},"end":{"line":182,"column":41}},"103":{"start":{"line":183,"column":12},"end":{"line":183,"column":28}},"104":{"start":{"line":187,"column":4},"end":{"line":187,"column":16}},"105":{"start":{"line":190,"column":0},"end":{"line":190,"column":89}},"106":{"start":{"line":190,"column":60},"end":{"line":190,"column":85}},"107":{"start":{"line":192,"column":0},"end":{"line":194,"column":2}},"108":{"start":{"line":193,"column":4},"end":{"line":193,"column":39}},"109":{"start":{"line":199,"column":0},"end":{"line":207,"column":2}},"110":{"start":{"line":200,"column":4},"end":{"line":200,"column":29}},"111":{"start":{"line":201,"column":4},"end":{"line":201,"column":29}},"112":{"start":{"line":202,"column":4},"end":{"line":202,"column":27}},"113":{"start":{"line":203,"column":4},"end":{"line":203,"column":31}},"114":{"start":{"line":204,"column":4},"end":{"line":204,"column":35}},"115":{"start":{"line":205,"column":4},"end":{"line":205,"column":35}},"116":{"start":{"line":206,"column":4},"end":{"line":206,"column":81}},"117":{"start":{"line":209,"column":0},"end":{"line":209,"column":110}},"118":{"start":{"line":209,"column":62},"end":{"line":209,"column":97}},"119":{"start":{"line":210,"column":0},"end":{"line":210,"column":110}},"120":{"start":{"line":210,"column":62},"end":{"line":210,"column":102}},"121":{"start":{"line":211,"column":0},"end":{"line":211,"column":98}},"122":{"start":{"line":211,"column":56},"end":{"line":211,"column":80}},"123":{"start":{"line":212,"column":0},"end":{"line":212,"column":98}},"124":{"start":{"line":212,"column":56},"end":{"line":212,"column":80}},"125":{"start":{"line":213,"column":0},"end":{"line":213,"column":125}},"126":{"start":{"line":213,"column":56},"end":{"line":213,"column":88}},"127":{"start":{"line":213,"column":89},"end":{"line":213,"column":122}},"128":{"start":{"line":214,"column":0},"end":{"line":214,"column":101}},"129":{"start":{"line":214,"column":56},"end":{"line":214,"column":99}},"130":{"start":{"line":215,"column":0},"end":{"line":215,"column":106}},"131":{"start":{"line":215,"column":56},"end":{"line":215,"column":103}},"132":{"start":{"line":216,"column":0},"end":{"line":229,"column":2}},"133":{"start":{"line":217,"column":4},"end":{"line":217,"column":44}},"134":{"start":{"line":218,"column":4},"end":{"line":225,"column":5}},"135":{"start":{"line":220,"column":8},"end":{"line":220,"column":29}},"136":{"start":{"line":221,"column":8},"end":{"line":224,"column":9}},"137":{"start":{"line":222,"column":12},"end":{"line":222,"column":39}},"138":{"start":{"line":223,"column":12},"end":{"line":223,"column":20}},"139":{"start":{"line":227,"column":4},"end":{"line":227,"column":36}},"140":{"start":{"line":228,"column":4},"end":{"line":228,"column":38}},"141":{"start":{"line":231,"column":0},"end":{"line":241,"column":2}},"142":{"start":{"line":232,"column":4},"end":{"line":232,"column":44}},"143":{"start":{"line":233,"column":4},"end":{"line":239,"column":5}},"144":{"start":{"line":235,"column":8},"end":{"line":235,"column":29}},"145":{"start":{"line":236,"column":8},"end":{"line":238,"column":9}},"146":{"start":{"line":237,"column":12},"end":{"line":237,"column":38}},"147":{"start":{"line":240,"column":4},"end":{"line":240,"column":21}},"148":{"start":{"line":243,"column":0},"end":{"line":248,"column":1}},"149":{"start":{"line":244,"column":4},"end":{"line":244,"column":21}},"150":{"start":{"line":245,"column":4},"end":{"line":245,"column":22}},"151":{"start":{"line":246,"column":4},"end":{"line":246,"column":30}},"152":{"start":{"line":247,"column":4},"end":{"line":247,"column":30}},"153":{"start":{"line":250,"column":0},"end":{"line":258,"column":2}},"154":{"start":{"line":251,"column":4},"end":{"line":251,"column":45}},"155":{"start":{"line":252,"column":4},"end":{"line":257,"column":5}},"156":{"start":{"line":254,"column":8},"end":{"line":254,"column":26}},"157":{"start":{"line":255,"column":8},"end":{"line":256,"column":18}},"158":{"start":{"line":256,"column":12},"end":{"line":256,"column":18}},"159":{"start":{"line":260,"column":0},"end":{"line":262,"column":1}},"160":{"start":{"line":261,"column":4},"end":{"line":261,"column":55}},"161":{"start":{"line":264,"column":0},"end":{"line":266,"column":1}},"162":{"start":{"line":265,"column":4},"end":{"line":265,"column":61}},"163":{"start":{"line":268,"column":0},"end":{"line":275,"column":1}},"164":{"start":{"line":269,"column":4},"end":{"line":269,"column":29}},"165":{"start":{"line":270,"column":4},"end":{"line":270,"column":29}},"166":{"start":{"line":271,"column":4},"end":{"line":271,"column":27}},"167":{"start":{"line":272,"column":4},"end":{"line":272,"column":31}},"168":{"start":{"line":273,"column":4},"end":{"line":273,"column":35}},"169":{"start":{"line":274,"column":4},"end":{"line":274,"column":81}},"170":{"start":{"line":277,"column":0},"end":{"line":277,"column":108}},"171":{"start":{"line":277,"column":55},"end":{"line":277,"column":84}},"172":{"start":{"line":278,"column":0},"end":{"line":278,"column":108}},"173":{"start":{"line":278,"column":55},"end":{"line":278,"column":89}},"174":{"start":{"line":279,"column":0},"end":{"line":279,"column":108}},"175":{"start":{"line":279,"column":55},"end":{"line":279,"column":102}},"176":{"start":{"line":280,"column":0},"end":{"line":280,"column":108}},"177":{"start":{"line":280,"column":55},"end":{"line":280,"column":79}},"178":{"start":{"line":281,"column":0},"end":{"line":281,"column":108}},"179":{"start":{"line":281,"column":55},"end":{"line":281,"column":79}},"180":{"start":{"line":282,"column":0},"end":{"line":282,"column":108}},"181":{"start":{"line":282,"column":55},"end":{"line":282,"column":78}},"182":{"start":{"line":283,"column":0},"end":{"line":283,"column":108}},"183":{"start":{"line":283,"column":55},"end":{"line":283,"column":99}},"184":{"start":{"line":284,"column":0},"end":{"line":284,"column":108}},"185":{"start":{"line":284,"column":55},"end":{"line":284,"column":93}},"186":{"start":{"line":285,"column":0},"end":{"line":285,"column":108}},"187":{"start":{"line":285,"column":55},"end":{"line":285,"column":79}},"188":{"start":{"line":286,"column":0},"end":{"line":286,"column":108}},"189":{"start":{"line":286,"column":55},"end":{"line":286,"column":78}},"190":{"start":{"line":287,"column":0},"end":{"line":287,"column":108}},"191":{"start":{"line":287,"column":55},"end":{"line":287,"column":73}},"192":{"start":{"line":287,"column":74},"end":{"line":287,"column":100}},"193":{"start":{"line":288,"column":0},"end":{"line":313,"column":2}},"194":{"start":{"line":289,"column":4},"end":{"line":289,"column":45}},"195":{"start":{"line":290,"column":4},"end":{"line":312,"column":5}},"196":{"start":{"line":292,"column":8},"end":{"line":292,"column":26}},"197":{"start":{"line":293,"column":8},"end":{"line":309,"column":9}},"198":{"start":{"line":302,"column":16},"end":{"line":302,"column":32}},"199":{"start":{"line":303,"column":16},"end":{"line":303,"column":22}},"200":{"start":{"line":305,"column":16},"end":{"line":307,"column":17}},"201":{"start":{"line":306,"column":20},"end":{"line":306,"column":36}},"202":{"start":{"line":308,"column":16},"end":{"line":308,"column":22}},"203":{"start":{"line":310,"column":8},"end":{"line":311,"column":18}},"204":{"start":{"line":311,"column":12},"end":{"line":311,"column":18}},"205":{"start":{"line":315,"column":0},"end":{"line":325,"column":2}},"206":{"start":{"line":316,"column":4},"end":{"line":316,"column":17}},"207":{"start":{"line":317,"column":4},"end":{"line":317,"column":45}},"208":{"start":{"line":318,"column":4},"end":{"line":322,"column":5}},"209":{"start":{"line":320,"column":8},"end":{"line":320,"column":26}},"210":{"start":{"line":321,"column":8},"end":{"line":321,"column":88}},"211":{"start":{"line":324,"column":4},"end":{"line":324,"column":15}},"212":{"start":{"line":327,"column":0},"end":{"line":342,"column":2}},"213":{"start":{"line":328,"column":4},"end":{"line":328,"column":88}},"214":{"start":{"line":330,"column":4},"end":{"line":330,"column":39}},"215":{"start":{"line":331,"column":4},"end":{"line":341,"column":5}},"216":{"start":{"line":333,"column":8},"end":{"line":333,"column":26}},"217":{"start":{"line":334,"column":8},"end":{"line":340,"column":9}},"218":{"start":{"line":335,"column":12},"end":{"line":335,"column":40}},"219":{"start":{"line":337,"column":12},"end":{"line":337,"column":42}},"220":{"start":{"line":338,"column":12},"end":{"line":338,"column":43}},"221":{"start":{"line":339,"column":12},"end":{"line":339,"column":35}},"222":{"start":{"line":344,"column":0},"end":{"line":350,"column":1}},"223":{"start":{"line":345,"column":4},"end":{"line":347,"column":5}},"224":{"start":{"line":346,"column":8},"end":{"line":346,"column":58}},"225":{"start":{"line":349,"column":4},"end":{"line":349,"column":53}},"226":{"start":{"line":355,"column":0},"end":{"line":365,"column":5}},"227":{"start":{"line":356,"column":4},"end":{"line":364,"column":5}},"228":{"start":{"line":357,"column":8},"end":{"line":359,"column":9}},"229":{"start":{"line":358,"column":12},"end":{"line":358,"column":44}},"230":{"start":{"line":361,"column":8},"end":{"line":363,"column":9}},"231":{"start":{"line":362,"column":12},"end":{"line":362,"column":36}},"232":{"start":{"line":367,"column":0},"end":{"line":376,"column":1}},"233":{"start":{"line":368,"column":4},"end":{"line":371,"column":5}},"234":{"start":{"line":370,"column":8},"end":{"line":370,"column":37}},"235":{"start":{"line":372,"column":4},"end":{"line":372,"column":84}},"236":{"start":{"line":373,"column":4},"end":{"line":373,"column":88}},"237":{"start":{"line":374,"column":4},"end":{"line":374,"column":35}},"238":{"start":{"line":375,"column":4},"end":{"line":375,"column":24}},"239":{"start":{"line":377,"column":0},"end":{"line":377,"column":41}},"240":{"start":{"line":379,"column":0},"end":{"line":379,"column":94}},"241":{"start":{"line":379,"column":68},"end":{"line":379,"column":88}},"242":{"start":{"line":380,"column":0},"end":{"line":380,"column":94}},"243":{"start":{"line":380,"column":68},"end":{"line":380,"column":90}},"244":{"start":{"line":381,"column":0},"end":{"line":381,"column":94}},"245":{"start":{"line":381,"column":68},"end":{"line":381,"column":90}},"246":{"start":{"line":382,"column":0},"end":{"line":382,"column":106}},"247":{"start":{"line":382,"column":76},"end":{"line":382,"column":102}},"248":{"start":{"line":384,"column":0},"end":{"line":386,"column":1}},"249":{"start":{"line":385,"column":4},"end":{"line":385,"column":35}},"250":{"start":{"line":388,"column":0},"end":{"line":390,"column":1}},"251":{"start":{"line":389,"column":4},"end":{"line":389,"column":40}},"252":{"start":{"line":392,"column":0},"end":{"line":394,"column":1}},"253":{"start":{"line":393,"column":4},"end":{"line":393,"column":32}},"254":{"start":{"line":396,"column":0},"end":{"line":400,"column":1}},"255":{"start":{"line":397,"column":4},"end":{"line":397,"column":41}},"256":{"start":{"line":398,"column":4},"end":{"line":398,"column":32}},"257":{"start":{"line":399,"column":4},"end":{"line":399,"column":21}},"258":{"start":{"line":402,"column":0},"end":{"line":405,"column":1}},"259":{"start":{"line":403,"column":4},"end":{"line":403,"column":24}},"260":{"start":{"line":404,"column":4},"end":{"line":404,"column":24}},"261":{"start":{"line":407,"column":0},"end":{"line":420,"column":1}},"262":{"start":{"line":408,"column":4},"end":{"line":410,"column":5}},"263":{"start":{"line":409,"column":8},"end":{"line":409,"column":16}},"264":{"start":{"line":412,"column":4},"end":{"line":412,"column":70}},"265":{"start":{"line":413,"column":4},"end":{"line":413,"column":48}},"266":{"start":{"line":414,"column":4},"end":{"line":417,"column":5}},"267":{"start":{"line":415,"column":8},"end":{"line":415,"column":54}},"268":{"start":{"line":416,"column":8},"end":{"line":416,"column":33}},"269":{"start":{"line":419,"column":4},"end":{"line":419,"column":24}},"270":{"start":{"line":422,"column":0},"end":{"line":424,"column":1}},"271":{"start":{"line":423,"column":4},"end":{"line":423,"column":65}},"272":{"start":{"line":426,"column":0},"end":{"line":432,"column":1}},"273":{"start":{"line":427,"column":4},"end":{"line":427,"column":19}},"274":{"start":{"line":428,"column":4},"end":{"line":428,"column":22}},"275":{"start":{"line":429,"column":4},"end":{"line":429,"column":50}},"276":{"start":{"line":430,"column":4},"end":{"line":430,"column":24}},"277":{"start":{"line":431,"column":4},"end":{"line":431,"column":34}},"278":{"start":{"line":434,"column":0},"end":{"line":440,"column":1}},"279":{"start":{"line":435,"column":4},"end":{"line":435,"column":19}},"280":{"start":{"line":436,"column":4},"end":{"line":436,"column":22}},"281":{"start":{"line":437,"column":4},"end":{"line":437,"column":51}},"282":{"start":{"line":438,"column":4},"end":{"line":438,"column":24}},"283":{"start":{"line":439,"column":4},"end":{"line":439,"column":34}},"284":{"start":{"line":442,"column":0},"end":{"line":448,"column":1}},"285":{"start":{"line":443,"column":4},"end":{"line":443,"column":19}},"286":{"start":{"line":444,"column":4},"end":{"line":444,"column":22}},"287":{"start":{"line":445,"column":4},"end":{"line":445,"column":53}},"288":{"start":{"line":446,"column":4},"end":{"line":446,"column":24}},"289":{"start":{"line":447,"column":4},"end":{"line":447,"column":34}},"290":{"start":{"line":450,"column":0},"end":{"line":456,"column":1}},"291":{"start":{"line":451,"column":4},"end":{"line":451,"column":19}},"292":{"start":{"line":452,"column":4},"end":{"line":452,"column":22}},"293":{"start":{"line":453,"column":4},"end":{"line":453,"column":54}},"294":{"start":{"line":454,"column":4},"end":{"line":454,"column":24}},"295":{"start":{"line":455,"column":4},"end":{"line":455,"column":34}},"296":{"start":{"line":458,"column":0},"end":{"line":464,"column":1}},"297":{"start":{"line":459,"column":4},"end":{"line":459,"column":19}},"298":{"start":{"line":460,"column":4},"end":{"line":460,"column":22}},"299":{"start":{"line":461,"column":4},"end":{"line":461,"column":53}},"300":{"start":{"line":462,"column":4},"end":{"line":462,"column":24}},"301":{"start":{"line":463,"column":4},"end":{"line":463,"column":34}},"302":{"start":{"line":466,"column":0},"end":{"line":472,"column":1}},"303":{"start":{"line":467,"column":4},"end":{"line":467,"column":19}},"304":{"start":{"line":468,"column":4},"end":{"line":468,"column":22}},"305":{"start":{"line":469,"column":4},"end":{"line":469,"column":54}},"306":{"start":{"line":470,"column":4},"end":{"line":470,"column":24}},"307":{"start":{"line":471,"column":4},"end":{"line":471,"column":34}},"308":{"start":{"line":474,"column":0},"end":{"line":509,"column":1}},"309":{"start":{"line":475,"column":4},"end":{"line":475,"column":22}},"310":{"start":{"line":476,"column":4},"end":{"line":476,"column":20}},"311":{"start":{"line":478,"column":4},"end":{"line":506,"column":5}},"312":{"start":{"line":479,"column":8},"end":{"line":479,"column":68}},"313":{"start":{"line":481,"column":8},"end":{"line":503,"column":9}},"314":{"start":{"line":483,"column":12},"end":{"line":483,"column":33}},"315":{"start":{"line":484,"column":12},"end":{"line":491,"column":13}},"316":{"start":{"line":485,"column":16},"end":{"line":485,"column":59}},"317":{"start":{"line":486,"column":16},"end":{"line":486,"column":48}},"318":{"start":{"line":488,"column":16},"end":{"line":488,"column":47}},"319":{"start":{"line":489,"column":16},"end":{"line":489,"column":71}},"320":{"start":{"line":490,"column":16},"end":{"line":490,"column":48}},"321":{"start":{"line":494,"column":12},"end":{"line":494,"column":25}},"322":{"start":{"line":495,"column":12},"end":{"line":502,"column":13}},"323":{"start":{"line":496,"column":16},"end":{"line":496,"column":43}},"324":{"start":{"line":497,"column":16},"end":{"line":497,"column":38}},"325":{"start":{"line":499,"column":16},"end":{"line":499,"column":43}},"326":{"start":{"line":500,"column":16},"end":{"line":500,"column":38}},"327":{"start":{"line":501,"column":16},"end":{"line":501,"column":28}},"328":{"start":{"line":504,"column":8},"end":{"line":504,"column":55}},"329":{"start":{"line":505,"column":8},"end":{"line":505,"column":59}},"330":{"start":{"line":507,"column":4},"end":{"line":507,"column":24}},"331":{"start":{"line":508,"column":4},"end":{"line":508,"column":34}},"332":{"start":{"line":511,"column":0},"end":{"line":516,"column":1}},"333":{"start":{"line":512,"column":4},"end":{"line":512,"column":22}},"334":{"start":{"line":513,"column":4},"end":{"line":513,"column":53}},"335":{"start":{"line":514,"column":4},"end":{"line":514,"column":24}},"336":{"start":{"line":515,"column":4},"end":{"line":515,"column":34}},"337":{"start":{"line":518,"column":0},"end":{"line":523,"column":1}},"338":{"start":{"line":519,"column":4},"end":{"line":519,"column":22}},"339":{"start":{"line":520,"column":4},"end":{"line":520,"column":54}},"340":{"start":{"line":521,"column":4},"end":{"line":521,"column":24}},"341":{"start":{"line":522,"column":4},"end":{"line":522,"column":34}},"342":{"start":{"line":525,"column":0},"end":{"line":542,"column":1}},"343":{"start":{"line":526,"column":4},"end":{"line":532,"column":5}},"344":{"start":{"line":527,"column":8},"end":{"line":527,"column":35}},"345":{"start":{"line":528,"column":8},"end":{"line":528,"column":49}},"346":{"start":{"line":529,"column":8},"end":{"line":529,"column":37}},"347":{"start":{"line":530,"column":8},"end":{"line":530,"column":38}},"348":{"start":{"line":531,"column":8},"end":{"line":531,"column":16}},"349":{"start":{"line":534,"column":4},"end":{"line":534,"column":60}},"350":{"start":{"line":535,"column":4},"end":{"line":535,"column":31}},"351":{"start":{"line":537,"column":4},"end":{"line":537,"column":66}},"352":{"start":{"line":540,"column":4},"end":{"line":540,"column":33}},"353":{"start":{"line":541,"column":4},"end":{"line":541,"column":34}},"354":{"start":{"line":544,"column":0},"end":{"line":551,"column":1}},"355":{"start":{"line":545,"column":4},"end":{"line":545,"column":75}},"356":{"start":{"line":545,"column":67},"end":{"line":545,"column":75}},"357":{"start":{"line":547,"column":4},"end":{"line":547,"column":40}},"358":{"start":{"line":548,"column":4},"end":{"line":548,"column":85}},"359":{"start":{"line":549,"column":4},"end":{"line":549,"column":43}},"360":{"start":{"line":550,"column":4},"end":{"line":550,"column":34}},"361":{"start":{"line":553,"column":0},"end":{"line":561,"column":1}},"362":{"start":{"line":554,"column":4},"end":{"line":554,"column":49}},"363":{"start":{"line":555,"column":4},"end":{"line":555,"column":72}},"364":{"start":{"line":557,"column":4},"end":{"line":557,"column":31}},"365":{"start":{"line":558,"column":4},"end":{"line":558,"column":78}},"366":{"start":{"line":559,"column":4},"end":{"line":559,"column":33}},"367":{"start":{"line":560,"column":4},"end":{"line":560,"column":33}},"368":{"start":{"line":563,"column":0},"end":{"line":565,"column":1}},"369":{"start":{"line":564,"column":4},"end":{"line":564,"column":51}},"370":{"start":{"line":567,"column":0},"end":{"line":570,"column":1}},"371":{"start":{"line":568,"column":4},"end":{"line":568,"column":24}},"372":{"start":{"line":569,"column":4},"end":{"line":569,"column":56}},"373":{"start":{"line":572,"column":0},"end":{"line":575,"column":1}},"374":{"start":{"line":573,"column":4},"end":{"line":573,"column":24}},"375":{"start":{"line":574,"column":4},"end":{"line":574,"column":56}},"376":{"start":{"line":577,"column":0},"end":{"line":580,"column":1}},"377":{"start":{"line":578,"column":4},"end":{"line":578,"column":24}},"378":{"start":{"line":579,"column":4},"end":{"line":579,"column":54}},"379":{"start":{"line":582,"column":0},"end":{"line":585,"column":1}},"380":{"start":{"line":583,"column":4},"end":{"line":583,"column":24}},"381":{"start":{"line":584,"column":4},"end":{"line":584,"column":57}},"382":{"start":{"line":587,"column":0},"end":{"line":590,"column":1}},"383":{"start":{"line":588,"column":4},"end":{"line":588,"column":24}},"384":{"start":{"line":589,"column":4},"end":{"line":589,"column":57}},"385":{"start":{"line":592,"column":0},"end":{"line":623,"column":1}},"386":{"start":{"line":594,"column":4},"end":{"line":604,"column":5}},"387":{"start":{"line":595,"column":8},"end":{"line":595,"column":66}},"388":{"start":{"line":596,"column":8},"end":{"line":596,"column":28}},"389":{"start":{"line":597,"column":8},"end":{"line":599,"column":9}},"390":{"start":{"line":598,"column":12},"end":{"line":598,"column":37}},"391":{"start":{"line":600,"column":8},"end":{"line":602,"column":9}},"392":{"start":{"line":601,"column":12},"end":{"line":601,"column":26}},"393":{"start":{"line":603,"column":8},"end":{"line":603,"column":30}},"394":{"start":{"line":605,"column":4},"end":{"line":605,"column":55}},"395":{"start":{"line":606,"column":4},"end":{"line":606,"column":59}},"396":{"start":{"line":607,"column":4},"end":{"line":607,"column":24}},"397":{"start":{"line":609,"column":4},"end":{"line":616,"column":5}},"398":{"start":{"line":610,"column":8},"end":{"line":615,"column":9}},"399":{"start":{"line":611,"column":12},"end":{"line":611,"column":64}},"400":{"start":{"line":613,"column":12},"end":{"line":613,"column":32}},"401":{"start":{"line":614,"column":12},"end":{"line":614,"column":80}},"402":{"start":{"line":618,"column":4},"end":{"line":622,"column":5}},"403":{"start":{"line":619,"column":8},"end":{"line":619,"column":31}},"404":{"start":{"line":621,"column":8},"end":{"line":621,"column":58}},"405":{"start":{"line":625,"column":0},"end":{"line":628,"column":1}},"406":{"start":{"line":626,"column":4},"end":{"line":626,"column":24}},"407":{"start":{"line":627,"column":4},"end":{"line":627,"column":56}},"408":{"start":{"line":630,"column":0},"end":{"line":633,"column":1}},"409":{"start":{"line":631,"column":4},"end":{"line":631,"column":24}},"410":{"start":{"line":632,"column":4},"end":{"line":632,"column":57}},"411":{"start":{"line":635,"column":0},"end":{"line":660,"column":1}},"412":{"start":{"line":637,"column":4},"end":{"line":637,"column":44}},"413":{"start":{"line":638,"column":4},"end":{"line":638,"column":12}},"414":{"start":{"line":639,"column":4},"end":{"line":643,"column":5}},"415":{"start":{"line":640,"column":8},"end":{"line":640,"column":80}},"416":{"start":{"line":641,"column":8},"end":{"line":641,"column":37}},"417":{"start":{"line":642,"column":8},"end":{"line":642,"column":20}},"418":{"start":{"line":645,"column":4},"end":{"line":645,"column":76}},"419":{"start":{"line":646,"column":4},"end":{"line":646,"column":33}},"420":{"start":{"line":647,"column":4},"end":{"line":657,"column":5}},"421":{"start":{"line":649,"column":8},"end":{"line":654,"column":9}},"422":{"start":{"line":651,"column":12},"end":{"line":651,"column":58}},"423":{"start":{"line":653,"column":12},"end":{"line":653,"column":56}},"424":{"start":{"line":656,"column":8},"end":{"line":656,"column":52}},"425":{"start":{"line":659,"column":4},"end":{"line":659,"column":15}},"426":{"start":{"line":662,"column":0},"end":{"line":677,"column":1}},"427":{"start":{"line":663,"column":4},"end":{"line":671,"column":5}},"428":{"start":{"line":664,"column":8},"end":{"line":664,"column":40}},"429":{"start":{"line":665,"column":8},"end":{"line":665,"column":90}},"430":{"start":{"line":666,"column":8},"end":{"line":666,"column":37}},"431":{"start":{"line":667,"column":8},"end":{"line":667,"column":37}},"432":{"start":{"line":668,"column":8},"end":{"line":668,"column":28}},"433":{"start":{"line":670,"column":8},"end":{"line":670,"column":20}},"434":{"start":{"line":673,"column":4},"end":{"line":673,"column":36}},"435":{"start":{"line":674,"column":4},"end":{"line":674,"column":67}},"436":{"start":{"line":675,"column":4},"end":{"line":675,"column":33}},"437":{"start":{"line":676,"column":4},"end":{"line":676,"column":16}},"438":{"start":{"line":679,"column":0},"end":{"line":683,"column":1}},"439":{"start":{"line":680,"column":4},"end":{"line":680,"column":46}},"440":{"start":{"line":681,"column":4},"end":{"line":681,"column":48}},"441":{"start":{"line":682,"column":4},"end":{"line":682,"column":16}},"442":{"start":{"line":685,"column":0},"end":{"line":687,"column":1}},"443":{"start":{"line":686,"column":4},"end":{"line":686,"column":47}},"444":{"start":{"line":689,"column":0},"end":{"line":691,"column":1}},"445":{"start":{"line":690,"column":4},"end":{"line":690,"column":31}},"446":{"start":{"line":693,"column":0},"end":{"line":693,"column":83}},"447":{"start":{"line":695,"column":0},"end":{"line":702,"column":1}},"448":{"start":{"line":696,"column":4},"end":{"line":696,"column":18}},"449":{"start":{"line":697,"column":4},"end":{"line":699,"column":5}},"450":{"start":{"line":698,"column":8},"end":{"line":698,"column":105}},"451":{"start":{"line":701,"column":4},"end":{"line":701,"column":35}},"452":{"start":{"line":707,"column":0},"end":{"line":709,"column":1}},"453":{"start":{"line":708,"column":4},"end":{"line":708,"column":41}},"454":{"start":{"line":711,"column":0},"end":{"line":717,"column":1}},"455":{"start":{"line":712,"column":4},"end":{"line":716,"column":5}},"456":{"start":{"line":713,"column":8},"end":{"line":713,"column":61}},"457":{"start":{"line":715,"column":8},"end":{"line":715,"column":62}},"458":{"start":{"line":719,"column":0},"end":{"line":727,"column":1}},"459":{"start":{"line":720,"column":4},"end":{"line":720,"column":79}},"460":{"start":{"line":721,"column":4},"end":{"line":721,"column":77}},"461":{"start":{"line":723,"column":4},"end":{"line":723,"column":34}},"462":{"start":{"line":724,"column":4},"end":{"line":724,"column":38}},"463":{"start":{"line":725,"column":4},"end":{"line":725,"column":41}},"464":{"start":{"line":726,"column":4},"end":{"line":726,"column":39}},"465":{"start":{"line":729,"column":0},"end":{"line":731,"column":1}},"466":{"start":{"line":730,"column":4},"end":{"line":730,"column":47}},"467":{"start":{"line":733,"column":0},"end":{"line":741,"column":1}},"468":{"start":{"line":734,"column":4},"end":{"line":734,"column":19}},"469":{"start":{"line":735,"column":4},"end":{"line":740,"column":5}},"470":{"start":{"line":736,"column":8},"end":{"line":736,"column":50}},"471":{"start":{"line":738,"column":8},"end":{"line":738,"column":50}},"472":{"start":{"line":739,"column":8},"end":{"line":739,"column":41}},"473":{"start":{"line":743,"column":0},"end":{"line":751,"column":1}},"474":{"start":{"line":744,"column":4},"end":{"line":744,"column":19}},"475":{"start":{"line":745,"column":4},"end":{"line":750,"column":5}},"476":{"start":{"line":746,"column":8},"end":{"line":746,"column":35}},"477":{"start":{"line":748,"column":8},"end":{"line":748,"column":51}},"478":{"start":{"line":749,"column":8},"end":{"line":749,"column":42}},"479":{"start":{"line":753,"column":0},"end":{"line":761,"column":1}},"480":{"start":{"line":754,"column":4},"end":{"line":754,"column":19}},"481":{"start":{"line":755,"column":4},"end":{"line":760,"column":5}},"482":{"start":{"line":756,"column":8},"end":{"line":756,"column":36}},"483":{"start":{"line":758,"column":8},"end":{"line":758,"column":51}},"484":{"start":{"line":759,"column":8},"end":{"line":759,"column":42}},"485":{"start":{"line":763,"column":0},"end":{"line":771,"column":1}},"486":{"start":{"line":764,"column":4},"end":{"line":764,"column":28}},"487":{"start":{"line":765,"column":4},"end":{"line":768,"column":5}},"488":{"start":{"line":766,"column":8},"end":{"line":766,"column":34}},"489":{"start":{"line":767,"column":8},"end":{"line":767,"column":15}},"490":{"start":{"line":769,"column":4},"end":{"line":769,"column":47}},"491":{"start":{"line":770,"column":4},"end":{"line":770,"column":47}},"492":{"start":{"line":773,"column":0},"end":{"line":775,"column":1}},"493":{"start":{"line":774,"column":4},"end":{"line":774,"column":32}},"494":{"start":{"line":777,"column":0},"end":{"line":779,"column":1}},"495":{"start":{"line":778,"column":4},"end":{"line":778,"column":32}},"496":{"start":{"line":781,"column":0},"end":{"line":783,"column":1}},"497":{"start":{"line":782,"column":4},"end":{"line":782,"column":32}},"498":{"start":{"line":785,"column":0},"end":{"line":792,"column":1}},"499":{"start":{"line":786,"column":4},"end":{"line":791,"column":5}},"500":{"start":{"line":787,"column":8},"end":{"line":787,"column":50}},"501":{"start":{"line":789,"column":8},"end":{"line":789,"column":51}},"502":{"start":{"line":790,"column":8},"end":{"line":790,"column":42}},"503":{"start":{"line":794,"column":0},"end":{"line":801,"column":1}},"504":{"start":{"line":795,"column":4},"end":{"line":800,"column":5}},"505":{"start":{"line":796,"column":8},"end":{"line":796,"column":50}},"506":{"start":{"line":798,"column":8},"end":{"line":798,"column":52}},"507":{"start":{"line":799,"column":8},"end":{"line":799,"column":43}},"508":{"start":{"line":803,"column":0},"end":{"line":811,"column":1}},"509":{"start":{"line":804,"column":4},"end":{"line":806,"column":5}},"510":{"start":{"line":805,"column":8},"end":{"line":805,"column":52}},"511":{"start":{"line":808,"column":4},"end":{"line":808,"column":53}},"512":{"start":{"line":809,"column":4},"end":{"line":809,"column":25}},"513":{"start":{"line":810,"column":4},"end":{"line":810,"column":49}},"514":{"start":{"line":813,"column":0},"end":{"line":838,"column":1}},"515":{"start":{"line":814,"column":4},"end":{"line":826,"column":5}},"516":{"start":{"line":815,"column":8},"end":{"line":815,"column":38}},"517":{"start":{"line":816,"column":8},"end":{"line":822,"column":9}},"518":{"start":{"line":817,"column":12},"end":{"line":817,"column":57}},"519":{"start":{"line":818,"column":12},"end":{"line":818,"column":52}},"520":{"start":{"line":820,"column":12},"end":{"line":820,"column":57}},"521":{"start":{"line":821,"column":12},"end":{"line":821,"column":51}},"522":{"start":{"line":824,"column":8},"end":{"line":824,"column":61}},"523":{"start":{"line":825,"column":8},"end":{"line":825,"column":16}},"524":{"start":{"line":828,"column":4},"end":{"line":828,"column":54}},"525":{"start":{"line":829,"column":4},"end":{"line":835,"column":5}},"526":{"start":{"line":830,"column":8},"end":{"line":830,"column":53}},"527":{"start":{"line":831,"column":8},"end":{"line":831,"column":48}},"528":{"start":{"line":833,"column":8},"end":{"line":833,"column":53}},"529":{"start":{"line":834,"column":8},"end":{"line":834,"column":47}},"530":{"start":{"line":837,"column":4},"end":{"line":837,"column":51}},"531":{"start":{"line":840,"column":0},"end":{"line":845,"column":1}},"532":{"start":{"line":841,"column":4},"end":{"line":841,"column":52}},"533":{"start":{"line":842,"column":4},"end":{"line":842,"column":44}},"534":{"start":{"line":843,"column":4},"end":{"line":843,"column":37}},"535":{"start":{"line":844,"column":4},"end":{"line":844,"column":42}},"536":{"start":{"line":846,"column":0},"end":{"line":846,"column":138}},"537":{"start":{"line":847,"column":0},"end":{"line":860,"column":1}},"538":{"start":{"line":848,"column":4},"end":{"line":848,"column":46}},"539":{"start":{"line":849,"column":4},"end":{"line":849,"column":37}},"540":{"start":{"line":852,"column":4},"end":{"line":854,"column":5}},"541":{"start":{"line":853,"column":8},"end":{"line":853,"column":37}},"542":{"start":{"line":855,"column":4},"end":{"line":855,"column":39}},"543":{"start":{"line":857,"column":4},"end":{"line":859,"column":5}},"544":{"start":{"line":858,"column":8},"end":{"line":858,"column":61}},"545":{"start":{"line":862,"column":0},"end":{"line":875,"column":1}},"546":{"start":{"line":863,"column":4},"end":{"line":863,"column":45}},"547":{"start":{"line":864,"column":4},"end":{"line":864,"column":37}},"548":{"start":{"line":866,"column":4},"end":{"line":866,"column":20}},"549":{"start":{"line":867,"column":4},"end":{"line":867,"column":51}},"550":{"start":{"line":868,"column":4},"end":{"line":870,"column":5}},"551":{"start":{"line":869,"column":8},"end":{"line":869,"column":21}},"552":{"start":{"line":871,"column":4},"end":{"line":874,"column":13}},"553":{"start":{"line":872,"column":8},"end":{"line":872,"column":49}},"554":{"start":{"line":873,"column":8},"end":{"line":873,"column":51}},"555":{"start":{"line":877,"column":0},"end":{"line":879,"column":1}},"556":{"start":{"line":878,"column":4},"end":{"line":878,"column":27}},"557":{"start":{"line":884,"column":0},"end":{"line":887,"column":1}},"558":{"start":{"line":885,"column":4},"end":{"line":885,"column":32}},"559":{"start":{"line":886,"column":4},"end":{"line":886,"column":34}},"560":{"start":{"line":889,"column":0},"end":{"line":892,"column":1}},"561":{"start":{"line":890,"column":4},"end":{"line":890,"column":32}},"562":{"start":{"line":891,"column":4},"end":{"line":891,"column":34}},"563":{"start":{"line":894,"column":0},"end":{"line":901,"column"
[...]
ine":481,"type":"if","locations":[{"start":{"line":481,"column":8},"end":{"line":481,"column":8}},{"start":{"line":481,"column":8},"end":{"line":481,"column":8}}]},"40":{"line":481,"type":"binary-expr","locations":[{"start":{"line":481,"column":12},"end":{"line":481,"column":28}},{"start":{"line":481,"column":32},"end":{"line":481,"column":45}}]},"41":{"line":484,"type":"if","locations":[{"start":{"line":484,"column":12},"end":{"line":484,"column":12}},{"start":{"line":484,"column":12},"end":{"line":484,"column":12}}]},"42":{"line":495,"type":"if","locations":[{"start":{"line":495,"column":12},"end":{"line":495,"column":12}},{"start":{"line":495,"column":12},"end":{"line":495,"column":12}}]},"43":{"line":526,"type":"if","locations":[{"start":{"line":526,"column":4},"end":{"line":526,"column":4}},{"start":{"line":526,"column":4},"end":{"line":526,"column":4}}]},"44":{"line":526,"type":"binary-expr","locations":[{"start":{"line":526,"column":8},"end":{"line":526,"column":21}},{"start":{"line":526,"column":25},"end":{"line":526,"column":35}}]},"45":{"line":534,"type":"binary-expr","locations":[{"start":{"line":534,"column":21},"end":{"line":534,"column":31}},{"start":{"line":534,"column":35},"end":{"line":534,"column":59}}]},"46":{"line":545,"type":"if","locations":[{"start":{"line":545,"column":4},"end":{"line":545,"column":4}},{"start":{"line":545,"column":4},"end":{"line":545,"column":4}}]},"47":{"line":545,"type":"binary-expr","locations":[{"start":{"line":545,"column":8},"end":{"line":545,"column":33}},{"start":{"line":545,"column":37},"end":{"line":545,"column":65}}]},"48":{"line":554,"type":"cond-expr","locations":[{"start":{"line":554,"column":40},"end":{"line":554,"column":41}},{"start":{"line":554,"column":42},"end":{"line":554,"column":48}}]},"49":{"line":555,"type":"cond-expr","locations":[{"start":{"line":555,"column":44},"end":{"line":555,"column":60}},{"start":{"line":555,"column":61},"end":{"line":555,"column":71}}]},"50":{"line":594,"type":"if","locations":[{"start":{"line":594,"column":4},"end":{"line":594,"column":4}},{"start":{"line":594,"column":4},"end":{"line":594,"column":4}}]},"51":{"line":597,"type":"if","locations":[{"start":{"line":597,"column":8},"end":{"line":597,"column":8}},{"start":{"line":597,"column":8},"end":{"line":597,"column":8}}]},"52":{"line":597,"type":"binary-expr","locations":[{"start":{"line":597,"column":11},"end":{"line":597,"column":27}},{"start":{"line":597,"column":31},"end":{"line":597,"column":44}}]},"53":{"line":600,"type":"if","locations":[{"start":{"line":600,"column":8},"end":{"line":600,"column":8}},{"start":{"line":600,"column":8},"end":{"line":600,"column":8}}]},"54":{"line":609,"type":"if","locations":[{"start":{"line":609,"column":4},"end":{"line":609,"column":4}},{"start":{"line":609,"column":4},"end":{"line":609,"column":4}}]},"55":{"line":609,"type":"binary-expr","locations":[{"start":{"line":609,"column":8},"end":{"line":609,"column":24}},{"start":{"line":609,"column":28},"end":{"line":609,"column":41}}]},"56":{"line":610,"type":"if","locations":[{"start":{"line":610,"column":8},"end":{"line":610,"column":8}},{"start":{"line":610,"column":8},"end":{"line":610,"column":8}}]},"57":{"line":618,"type":"if","locations":[{"start":{"line":618,"column":4},"end":{"line":618,"column":4}},{"start":{"line":618,"column":4},"end":{"line":618,"column":4}}]},"58":{"line":639,"type":"if","locations":[{"start":{"line":639,"column":4},"end":{"line":639,"column":4}},{"start":{"line":639,"column":4},"end":{"line":639,"column":4}}]},"59":{"line":639,"type":"binary-expr","locations":[{"start":{"line":639,"column":8},"end":{"line":639,"column":21}},{"start":{"line":639,"column":25},"end":{"line":639,"column":35}}]},"60":{"line":647,"type":"if","locations":[{"start":{"line":647,"column":4},"end":{"line":647,"column":4}},{"start":{"line":647,"column":4},"end":{"line":647,"column":4}}]},"61":{"line":649,"type":"if","locations":[{"start":{"line":649,"column":8},"end":{"line":649,"column":8}},{"start":{"line":649,"column":8},"end":{"line":649,"column":8}}]},"62":{"line":663,"type":"if","locations":[{"start":{"line":663,"column":4},"end":{"line":663,"column":4}},{"start":{"line":663,"column":4},"end":{"line":663,"column":4}}]},"63":{"line":698,"type":"cond-expr","locations":[{"start":{"line":698,"column":37},"end":{"line":698,"column":39}},{"start":{"line":698,"column":40},"end":{"line":698,"column":43}}]},"64":{"line":698,"type":"cond-expr","locations":[{"start":{"line":698,"column":95},"end":{"line":698,"column":99}},{"start":{"line":698,"column":100},"end":{"line":698,"column":103}}]},"65":{"line":712,"type":"if","locations":[{"start":{"line":712,"column":4},"end":{"line":712,"column":4}},{"start":{"line":712,"column":4},"end":{"line":712,"column":4}}]},"66":{"line":720,"type":"cond-expr","locations":[{"start":{"line":720,"column":51},"end":{"line":720,"column":52}},{"start":{"line":720,"column":53},"end":{"line":720,"column":78}}]},"67":{"line":721,"type":"cond-expr","locations":[{"start":{"line":721,"column":51},"end":{"line":721,"column":52}},{"start":{"line":721,"column":53},"end":{"line":721,"column":76}}]},"68":{"line":730,"type":"cond-expr","locations":[{"start":{"line":730,"column":40},"end":{"line":730,"column":41}},{"start":{"line":730,"column":44},"end":{"line":730,"column":45}}]},"69":{"line":735,"type":"if","locations":[{"start":{"line":735,"column":4},"end":{"line":735,"column":4}},{"start":{"line":735,"column":4},"end":{"line":735,"column":4}}]},"70":{"line":745,"type":"if","locations":[{"start":{"line":745,"column":4},"end":{"line":745,"column":4}},{"start":{"line":745,"column":4},"end":{"line":745,"column":4}}]},"71":{"line":745,"type":"binary-expr","locations":[{"start":{"line":745,"column":8},"end":{"line":745,"column":21}},{"start":{"line":745,"column":25},"end":{"line":745,"column":37}}]},"72":{"line":755,"type":"if","locations":[{"start":{"line":755,"column":4},"end":{"line":755,"column":4}},{"start":{"line":755,"column":4},"end":{"line":755,"column":4}}]},"73":{"line":755,"type":"binary-expr","locations":[{"start":{"line":755,"column":8},"end":{"line":755,"column":23}},{"start":{"line":755,"column":27},"end":{"line":755,"column":41}}]},"74":{"line":765,"type":"if","locations":[{"start":{"line":765,"column":4},"end":{"line":765,"column":4}},{"start":{"line":765,"column":4},"end":{"line":765,"column":4}}]},"75":{"line":765,"type":"binary-expr","locations":[{"start":{"line":765,"column":8},"end":{"line":765,"column":26}},{"start":{"line":765,"column":30},"end":{"line":765,"column":47}}]},"76":{"line":786,"type":"if","locations":[{"start":{"line":786,"column":4},"end":{"line":786,"column":4}},{"start":{"line":786,"column":4},"end":{"line":786,"column":4}}]},"77":{"line":795,"type":"if","locations":[{"start":{"line":795,"column":4},"end":{"line":795,"column":4}},{"start":{"line":795,"column":4},"end":{"line":795,"column":4}}]},"78":{"line":804,"type":"if","locations":[{"start":{"line":804,"column":4},"end":{"line":804,"column":4}},{"start":{"line":804,"column":4},"end":{"line":804,"column":4}}]},"79":{"line":814,"type":"if","locations":[{"start":{"line":814,"column":4},"end":{"line":814,"column":4}},{"start":{"line":814,"column":4},"end":{"line":814,"column":4}}]},"80":{"line":814,"type":"binary-expr","locations":[{"start":{"line":814,"column":8},"end":{"line":814,"column":25}},{"start":{"line":814,"column":29},"end":{"line":814,"column":41}}]},"81":{"line":816,"type":"if","locations":[{"start":{"line":816,"column":8},"end":{"line":816,"column":8}},{"start":{"line":816,"column":8},"end":{"line":816,"column":8}}]},"82":{"line":829,"type":"if","locations":[{"start":{"line":829,"column":4},"end":{"line":829,"column":4}},{"start":{"line":829,"column":4},"end":{"line":829,"column":4}}]},"83":{"line":852,"type":"if","locations":[{"start":{"line":852,"column":4},"end":{"line":852,"column":4}},{"start":{"line":852,"column":4},"end":{"line":852,"column":4}}]},"84":{"line":855,"type":"binary-expr","locations":[{"start":{"line":855,"column":17},"end":{"line":855,"column":30}},{"start":{"line":855,"column":34},"end":{"line":855,"column":38}}]},"85":{"line":868,"type":"if","locations":[{"start":{"line":868,"column":4},"end":{"line":868,"column":4}},{"start":{"line":868,"column":4},"end":{"line":868,"column":4}}]},"86":{"line":899,"type":"if","locations":[{"start":{"line":899,"column":4},"end":{"line":899,"column":4}},{"start":{"line":899,"column":4},"end":{"line":899,"column":4}}]},"87":{"line":908,"type":"cond-expr","locations":[{"start":{"line":908,"column":66},"end":{"line":908,"column":67}},{"start":{"line":908,"column":70},"end":{"line":908,"column":71}}]},"88":{"line":912,"type":"switch","locations":[{"start":{"line":913,"column":8},"end":{"line":913,"column":82}},{"start":{"line":914,"column":8},"end":{"line":914,"column":82}},{"start":{"line":915,"column":8},"end":{"line":915,"column":82}},{"start":{"line":916,"column":8},"end":{"line":916,"column":82}},{"start":{"line":917,"column":8},"end":{"line":917,"column":82}},{"start":{"line":918,"column":8},"end":{"line":918,"column":82}},{"start":{"line":919,"column":8},"end":{"line":923,"column":9}},{"start":{"line":924,"column":8},"end":{"line":928,"column":9}},{"start":{"line":929,"column":8},"end":{"line":929,"column":75}},{"start":{"line":930,"column":8},"end":{"line":930,"column":43}},{"start":{"line":931,"column":8},"end":{"line":931,"column":50}},{"start":{"line":932,"column":8},"end":{"line":941,"column":9}},{"start":{"line":942,"column":8},"end":{"line":951,"column":9}},{"start":{"line":952,"column":8},"end":{"line":959,"column":9}},{"start":{"line":960,"column":8},"end":{"line":960,"column":104}}]},"89":{"line":944,"type":"if","locations":[{"start":{"line":944,"column":12},"end":{"line":944,"column":12}},{"start":{"line":944,"column":12},"end":{"line":944,"column":12}}]},"90":{"line":969,"type":"if","locations":[{"start":{"line":969,"column":8},"end":{"line":969,"column":8}},{"start":{"line":969,"column":8},"end":{"line":969,"column":8}}]},"91":{"line":978,"type":"if","locations":[{"start":{"line":978,"column":8},"end":{"line":978,"column":8}},{"start":{"line":978,"column":8},"end":{"line":978,"column":8}}]},"92":{"line":982,"type":"if","locations":[{"start":{"line":982,"column":8},"end":{"line":982,"column":8}},{"start":{"line":982,"column":8},"end":{"line":982,"column":8}}]},"93":{"line":982,"type":"binary-expr","locations":[{"start":{"line":982,"column":12},"end":{"line":982,"column":27}},{"start":{"line":982,"column":31},"end":{"line":982,"column":70}}]},"94":{"line":983,"type":"if","locations":[{"start":{"line":983,"column":12},"end":{"line":983,"column":12}},{"start":{"line":983,"column":12},"end":{"line":983,"column":12}}]},"95":{"line":983,"type":"cond-expr","locations":[{"start":{"line":983,"column":59},"end":{"line":983,"column":64}},{"start":{"line":983,"column":66},"end":{"line":983,"column":82}}]},"96":{"line":992,"type":"if","locations":[{"start":{"line":992,"column":4},"end":{"line":992,"column":4}},{"start":{"line":992,"column":4},"end":{"line":992,"column":4}}]},"97":{"line":997,"type":"cond-expr","locations":[{"start":{"line":997,"column":61},"end":{"line":997,"column":65}},{"start":{"line":997,"column":68},"end":{"line":997,"column":73}}]},"98":{"line":1001,"type":"if","locations":[{"start":{"line":1001,"column":4},"end":{"line":1001,"column":4}},{"start":{"line":1001,"column":4},"end":{"line":1001,"column":4}}]},"99":{"line":1004,"type":"switch","locations":[{"start":{"line":1005,"column":8},"end":{"line":1005,"column":45}},{"start":{"line":1006,"column":8},"end":{"line":1006,"column":70}}]},"100":{"line":1013,"type":"if","locations":[{"start":{"line":1013,"column":4},"end":{"line":1013,"column":4}},{"start":{"line":1013,"column":4},"end":{"line":1013,"column":4}}]},"101":{"line":1016,"type":"switch","locations":[{"start":{"line":1017,"column":8},"end":{"line":1017,"column":48}},{"start":{"line":1018,"column":8},"end":{"line":1018,"column":73}},{"start":{"line":1019,"column":8},"end":{"line":1019,"column":74}}]},"102":{"line":1026,"type":"if","locations":[{"start":{"line":1026,"column":4},"end":{"line":1026,"column":4}},{"start":{"line":1026,"column":4},"end":{"line":1026,"column":4}}]},"103":{"line":1029,"type":"switch","locations":[{"start":{"line":1030,"column":8},"end":{"line":1030,"column":48}},{"start":{"line":1031,"column":8},"end":{"line":1031,"column":73}},{"start":{"line":1032,"column":8},"end":{"line":1032,"column":74}},{"start":{"line":1033,"column":8},"end":{"line":1033,"column":74}}]},"104":{"line":1040,"type":"if","locations":[{"start":{"line":1040,"column":4},"end":{"line":1040,"column":4}},{"start":{"line":1040,"column":4},"end":{"line":1040,"column":4}}]},"105":{"line":1043,"type":"switch","locations":[{"start":{"line":1044,"column":8},"end":{"line":1044,"column":48}},{"start":{"line":1045,"column":8},"end":{"line":1045,"column":73}},{"start":{"line":1046,"column":8},"end":{"line":1046,"column":74}},{"start":{"line":1047,"column":8},"end":{"line":1047,"column":74}},{"start":{"line":1048,"column":8},"end":{"line":1048,"column":81}}]},"106":{"line":1055,"type":"if","locations":[{"start":{"line":1055,"column":4},"end":{"line":1055,"column":4}},{"start":{"line":1055,"column":4},"end":{"line":1055,"column":4}}]},"107":{"line":1058,"type":"switch","locations":[{"start":{"line":1059,"column":8},"end":{"line":1059,"column":48}},{"start":{"line":1060,"column":8},"end":{"line":1060,"column":74}}]},"108":{"line":1067,"type":"if","locations":[{"start":{"line":1067,"column":4},"end":{"line":1067,"column":4}},{"start":{"line":1067,"column":4},"end":{"line":1067,"column":4}}]},"109":{"line":1070,"type":"switch","locations":[{"start":{"line":1071,"column":8},"end":{"line":1071,"column":49}},{"start":{"line":1072,"column":8},"end":{"line":1072,"column":76}}]},"110":{"line":1091,"type":"if","locations":[{"start":{"line":1091,"column":4},"end":{"line":1091,"column":4}},{"start":{"line":1091,"column":4},"end":{"line":1091,"column":4}}]},"111":{"line":1094,"type":"if","locations":[{"start":{"line":1094,"column":4},"end":{"line":1094,"column":4}},{"start":{"line":1094,"column":4},"end":{"line":1094,"column":4}}]},"112":{"line":1098,"type":"if","locations":[{"start":{"line":1098,"column":4},"end":{"line":1098,"column":4}},{"start":{"line":1098,"column":4},"end":{"line":1098,"column":4}}]},"113":{"line":1106,"type":"if","locations":[{"start":{"line":1106,"column":4},"end":{"line":1106,"column":4}},{"start":{"line":1106,"column":4},"end":{"line":1106,"column":4}}]},"114":{"line":1109,"type":"if","locations":[{"start":{"line":1109,"column":4},"end":{"line":1109,"column":4}},{"start":{"line":1109,"column":4},"end":{"line":1109,"column":4}}]},"115":{"line":1119,"type":"if","locations":[{"start":{"line":1119,"column":4},"end":{"line":1119,"column":4}},{"start":{"line":1119,"column":4},"end":{"line":1119,"column":4}}]},"116":{"line":1122,"type":"if","locations":[{"start":{"line":1122,"column":4},"end":{"line":1122,"column":4}},{"start":{"line":1122,"column":4},"end":{"line":1122,"column":4}}]},"117":{"line":1124,"type":"if","locations":[{"start":{"line":1124,"column":8},"end":{"line":1124,"column":8}},{"start":{"line":1124,"column":8},"end":{"line":1124,"column":8}}]},"118":{"line":1129,"type":"if","locations":[{"start":{"line":1129,"column":8},"end":{"line":1129,"column":8}},{"start":{"line":1129,"column":8},"end":{"line":1129,"column":8}}]},"119":{"line":1143,"type":"if","locations":[{"start":{"line":1143,"column":4},"end":{"line":1143,"column":4}},{"start":{"line":1143,"column":4},"end":{"line":1143,"column":4}}]},"120":{"line":1146,"type":"if","locations":[{"start":{"line":1146,"column":4},"end":{"line":1146,"column":4}},{"start":{"line":1146,"column":4},"end":{"line":1146,"column":4}}]},"121":{"line":1151,"type":"if","locations":[{"start":{"line":1151,"column":4},"end":{"line":1151,"column":4}},{"start":{"line":1151,"column":4},"end":{"line":1151,"column":4}}]},"122":{"line":1156,"type":"if","locations":[{"start":{"line":1156,"column":4},"end":{"line":1156,"column":4}},{"start":{"line":1156,"column":4},"end":{"line":1156,"column":4}}]},"123":{"line":1160,"type":"binary-expr","locations":[{"start":{"line":1160,"column":17},"end":{"line":1160,"column":31}},{"start":{"line":1160,"column":35},"end":{"line":1160,"column":39}}]},"124":{"line":1170,"type":"if","locations":[{"start":{"line":1170,"column":4},"end":{"line":1170,"column":4}},{"start":{"line":1170,"column":4},"end":{"line":1170,"column":4}}]},"125":{"line":1173,"type":"if","locations":[{"start":{"line":1173,"column":4},"end":{"line":1173,"column":4}},{"start":{"line":1173,"column":4},"end":{"line":1173,"column":4}}]},"126":{"line":1178,"type":"if","locations":[{"start":{"line":1178,"column":4},"end":{"line":1178,"column":4}},{"start":{"line":1178,"column":4},"end":{"line":1178,"column":4}}]},"127":{"line":1183,"type":"if","locations":[{"start":{"line":1183,"column":4},"end":{"line":1183,"column":4}},{"start":{"line":1183,"column":4},"end":{"line":1183,"column":4}}]},"128":{"line":1216,"type":"if","locations":[{"start":{"line":1216,"column":4},"end":{"line":1216,"column":4}},{"start":{"line":1216,"column":4},"end":{"line":1216,"column":4}}]},"129":{"line":1218,"type":"if","locations":[{"start":{"line":1218,"column":8},"end":{"line":1218,"column":8}},{"start":{"line":1218,"column":8},"end":{"line":1218,"column":8}}]},"130":{"line":1218,"type":"binary-expr","locations":[{"start":{"line":1218,"column":12},"end":{"line":1218,"column":34}},{"start":{"line":1218,"column":38},"end":{"line":1218,"column":64}}]},"131":{"line":1221,"type":"if","locations":[{"start":{"line":1221,"column":8},"end":{"line":1221,"column":8}},{"start":{"line":1221,"column":8},"end":{"line":1221,"column":8}}]},"132":{"line":1221,"type":"binary-expr","locations":[{"start":{"line":1221,"column":12},"end":{"line":1221,"column":34}},{"start":{"line":1221,"column":38},"end":{"line":1221,"column":64}}]},"133":{"line":1226,"type":"if","locations":[{"start":{"line":1226,"column":8},"end":{"line":1226,"column":8}},{"start":{"line":1226,"column":8},"end":{"line":1226,"column":8}}]},"134":{"line":1226,"type":"binary-expr","locations":[{"start":{"line":1226,"column":12},"end":{"line":1226,"column":29}},{"start":{"line":1226,"column":33},"end":{"line":1226,"column":59}}]},"135":{"line":1229,"type":"if","locations":[{"start":{"line":1229,"column":8},"end":{"line":1229,"column":8}},{"start":{"line":1229,"column":8},"end":{"line":1229,"column":8}}]},"136":{"line":1229,"type":"binary-expr","locations":[{"start":{"line":1229,"column":12},"end":{"line":1229,"column":29}},{"start":{"line":1229,"column":33},"end":{"line":1229,"column":59}}]},"137":{"line":1234,"type":"if","locations":[{"start":{"line":1234,"column":8},"end":{"line":1234,"column":8}},{"start":{"line":1234,"column":8},"end":{"line":1234,"column":8}}]},"138":{"line":1247,"type":"if","locations":[{"start":{"line":1247,"column":4},"end":{"line":1247,"column":4}},{"start":{"line":1247,"column":4},"end":{"line":1247,"column":4}}]},"139":{"line":1258,"type":"if","locations":[{"start":{"line":1258,"column":4},"end":{"line":1258,"column":4}},{"start":{"line":1258,"column":4},"end":{"line":1258,"column":4}}]},"140":{"line":1269,"type":"cond-expr","locations":[{"start":{"line":1269,"column":62},"end":{"line":1269,"column":72}},{"start":{"line":1269,"column":73},"end":{"line":1269,"column":83}}]},"141":{"line":1380,"type":"if","locations":[{"start":{"line":1380,"column":4},"end":{"line":1380,"column":4}},{"start":{"line":1380,"column":4},"end":{"line":1380,"column":4}}]},"142":{"line":1389,"type":"cond-expr","locations":[{"start":{"line":1389,"column":30},"end":{"line":1389,"column":31}},{"start":{"line":1389,"column":32},"end":{"line":1389,"column":46}}]},"143":{"line":1394,"type":"cond-expr","locations":[{"start":{"line":1394,"column":30},"end":{"line":1394,"column":32}},{"start":{"line":1394,"column":33},"end":{"line":1394,"column":37}}]}}}}