TN:
SF:/Users/czzou/work/tars_node/stream/tars.js
FN:11,(anonymous_1)
FN:17,(anonymous_2)
FN:23,(anonymous_3)
FN:29,(anonymous_4)
FN:35,(anonymous_5)
FN:41,(anonymous_6)
FN:47,(anonymous_7)
FN:74,(anonymous_8)
FN:75,(anonymous_9)
FN:80,(anonymous_10)
FN:81,(anonymous_11)
FN:86,(anonymous_12)
FN:87,(anonymous_13)
FN:92,(anonymous_14)
FN:93,(anonymous_15)
FN:98,(anonymous_16)
FN:99,(anonymous_17)
FN:104,(anonymous_18)
FN:105,(anonymous_19)
FN:110,(anonymous_20)
FN:111,(anonymous_21)
FN:116,(anonymous_22)
FN:117,(anonymous_23)
FN:122,(anonymous_24)
FN:123,(anonymous_25)
FN:128,(anonymous_26)
FN:129,(anonymous_27)
FN:134,(anonymous_28)
FN:135,(anonymous_29)
FN:140,(anonymous_30)
FN:141,(anonymous_31)
FN:148,(anonymous_32)
FN:155,(anonymous_33)
FN:156,(anonymous_34)
FN:157,(anonymous_35)
FN:158,(anonymous_36)
FN:159,(anonymous_37)
FN:160,(anonymous_38)
FN:165,(anonymous_39)
FN:174,(anonymous_40)
FN:190,(anonymous_41)
FN:192,(anonymous_42)
FN:199,(anonymous_43)
FN:209,(anonymous_44)
FN:210,(anonymous_45)
FN:211,(anonymous_46)
FN:212,(anonymous_47)
FN:213,(anonymous_48)
FN:214,(anonymous_49)
FN:215,(anonymous_50)
FN:216,(anonymous_51)
FN:231,(anonymous_52)
FN:243,(anonymous_53)
FN:250,(anonymous_54)
FN:260,(anonymous_55)
FN:264,(anonymous_56)
FN:268,(anonymous_57)
FN:277,(anonymous_58)
FN:278,(anonymous_59)
FN:279,(anonymous_60)
FN:280,(anonymous_61)
FN:281,(anonymous_62)
FN:282,(anonymous_63)
FN:283,(anonymous_64)
FN:284,(anonymous_65)
FN:285,(anonymous_66)
FN:286,(anonymous_67)
FN:287,(anonymous_68)
FN:288,(anonymous_69)
FN:315,(anonymous_70)
FN:327,(anonymous_71)
FN:344,(anonymous_72)
FN:355,(anonymous_73)
FN:357,(anonymous_74)
FN:361,(anonymous_75)
FN:367,(anonymous_76)
FN:379,(anonymous_77)
FN:380,(anonymous_78)
FN:381,(anonymous_79)
FN:382,(anonymous_80)
FN:384,(anonymous_81)
FN:388,(anonymous_82)
FN:392,(anonymous_83)
FN:396,(anonymous_84)
FN:402,(anonymous_85)
FN:407,(anonymous_86)
FN:422,(anonymous_87)
FN:426,(anonymous_88)
FN:434,(anonymous_89)
FN:442,(anonymous_90)
FN:450,(anonymous_91)
FN:458,(anonymous_92)
FN:466,(anonymous_93)
FN:474,(anonymous_94)
FN:511,(anonymous_95)
FN:518,(anonymous_96)
FN:525,(anonymous_97)
FN:544,(anonymous_98)
FN:553,(anonymous_99)
FN:563,(anonymous_100)
FN:567,(anonymous_101)
FN:572,(anonymous_102)
FN:577,(anonymous_103)
FN:582,(anonymous_104)
FN:587,(anonymous_105)
FN:592,(anonymous_106)
FN:625,(anonymous_107)
FN:630,(anonymous_108)
FN:635,(anonymous_109)
FN:662,(anonymous_110)
FN:679,(anonymous_111)
FN:685,(anonymous_112)
FN:689,(anonymous_113)
FN:695,(anonymous_114)
FN:707,(anonymous_115)
FN:711,(anonymous_116)
FN:719,(anonymous_117)
FN:729,(anonymous_118)
FN:733,(anonymous_119)
FN:743,(anonymous_120)
FN:753,(anonymous_121)
FN:763,(anonymous_122)
FN:773,(anonymous_123)
FN:777,(anonymous_124)
FN:781,(anonymous_125)
FN:785,(anonymous_126)
FN:794,(anonymous_127)
FN:803,(anonymous_128)
FN:813,(anonymous_129)
FN:840,(anonymous_130)
FN:846,(anonymous_131)
FN:847,(anonymous_132)
FN:862,(anonymous_133)
FN:871,(anonymous_134)
FN:877,(anonymous_135)
FN:884,(anonymous_136)
FN:889,(anonymous_137)
FN:894,(anonymous_138)
FN:903,(anonymous_139)
FN:911,(anonymous_140)
FN:964,(anonymous_141)
FN:974,(anonymous_142)
FN:996,(anonymous_143)
FN:1000,(anonymous_144)
FN:1012,(anonymous_145)
FN:1025,(anonymous_146)
FN:1039,(anonymous_147)
FN:1054,(anonymous_148)
FN:1066,(anonymous_149)
FN:1078,(anonymous_150)
FN:1082,(anonymous_151)
FN:1086,(anonymous_152)
FN:1090,(anonymous_153)
FN:1105,(anonymous_154)
FN:1118,(anonymous_155)
FN:1141,(anonymous_156)
FN:1142,(anonymous_157)
FN:1169,(anonymous_158)
FN:1200,(anonymous_159)
FN:1207,(anonymous_160)
FN:1208,(anonymous_161)
FN:1215,(anonymous_162)
FN:1243,(anonymous_163)
FN:1256,(anonymous_164)
FN:1267,(anonymous_165)
FN:1273,(anonymous_166)
FN:1274,(anonymous_167)
FN:1275,(anonymous_168)
FN:1276,(anonymous_169)
FN:1277,(anonymous_170)
FN:1278,(anonymous_171)
FN:1279,(anonymous_172)
FN:1280,(anonymous_173)
FN:1281,(anonymous_174)
FN:1282,(anonymous_175)
FN:1283,(anonymous_176)
FN:1284,(anonymous_177)
FN:1285,(anonymous_178)
FN:1286,(anonymous_179)
FN:1287,(anonymous_180)
FN:1289,(anonymous_181)
FN:1290,(anonymous_182)
FN:1291,(anonymous_183)
FN:1292,(anonymous_184)
FN:1293,(anonymous_185)
FN:1294,(anonymous_186)
FN:1295,(anonymous_187)
FN:1296,(anonymous_188)
FN:1297,(anonymous_189)
FN:1298,(anonymous_190)
FN:1299,(anonymous_191)
FN:1300,(anonymous_192)
FN:1301,(anonymous_193)
FN:1302,(anonymous_194)
FN:1303,(anonymous_195)
FN:1305,(anonymous_196)
FN:1318,(anonymous_197)
FN:1319,(anonymous_198)
FN:1320,(anonymous_199)
FN:1321,(anonymous_200)
FN:1322,(anonymous_201)
FN:1323,(anonymous_202)
FN:1324,(anonymous_203)
FN:1325,(anonymous_204)
FN:1332,(anonymous_205)
FN:1357,(anonymous_206)
FN:1372,(anonymous_207)
FN:1377,(anonymous_208)
FN:1387,(anonymous_209)
FN:1392,(anonymous_210)
FN:1397,(anonymous_211)
FN:1398,(anonymous_212)
FN:1399,(anonymous_213)
FN:1400,(anonymous_214)
FN:1401,(anonymous_215)
FN:1402,(anonymous_216)
FN:1403,(anonymous_217)
FN:1404,(anonymous_218)
FN:1405,(anonymous_219)
FN:1406,(anonymous_220)
FN:1407,(anonymous_221)
FN:1408,(anonymous_222)
FN:1409,(anonymous_223)
FN:1410,(anonymous_224)
FN:1411,(anonymous_225)
FN:1413,(anonymous_226)
FN:1414,(anonymous_227)
FN:1415,(anonymous_228)
FN:1416,(anonymous_229)
FN:1417,(anonymous_230)
FN:1418,(anonymous_231)
FN:1419,(anonymous_232)
FN:1420,(anonymous_233)
FN:1421,(anonymous_234)
FN:1422,(anonymous_235)
FN:1423,(anonymous_236)
FN:1424,(anonymous_237)
FN:1425,(anonymous_238)
FN:1426,(anonymous_239)
FN:1427,(anonymous_240)
FNF:240
FNH:192
FNDA:0,(anonymous_1)
FNDA:0,(anonymous_2)
FNDA:0,(anonymous_3)
FNDA:0,(anonymous_4)
FNDA:0,(anonymous_5)
FNDA:0,(anonymous_6)
FNDA:0,(anonymous_7)
FNDA:0,(anonymous_8)
FNDA:0,(anonymous_9)
FNDA:0,(anonymous_10)
FNDA:0,(anonymous_11)
FNDA:0,(anonymous_12)
FNDA:0,(anonymous_13)
FNDA:0,(anonymous_14)
FNDA:0,(anonymous_15)
FNDA:70,(anonymous_16)
FNDA:70,(anonymous_17)
FNDA:0,(anonymous_18)
FNDA:0,(anonymous_19)
FNDA:0,(anonymous_20)
FNDA:0,(anonymous_21)
FNDA:0,(anonymous_22)
FNDA:0,(anonymous_23)
FNDA:0,(anonymous_24)
FNDA:0,(anonymous_25)
FNDA:0,(anonymous_26)
FNDA:0,(anonymous_27)
FNDA:111,(anonymous_28)
FNDA:111,(anonymous_29)
FNDA:0,(anonymous_30)
FNDA:0,(anonymous_31)
FNDA:78,(anonymous_32)
FNDA:2,(anonymous_33)
FNDA:2,(anonymous_34)
FNDA:0,(anonymous_35)
FNDA:71,(anonymous_36)
FNDA:42,(anonymous_37)
FNDA:3,(anonymous_38)
FNDA:3,(anonymous_39)
FNDA:2,(anonymous_40)
FNDA:38,(anonymous_41)
FNDA:78,(anonymous_42)
FNDA:3,(anonymous_43)
FNDA:0,(anonymous_44)
FNDA:0,(anonymous_45)
FNDA:2,(anonymous_46)
FNDA:0,(anonymous_47)
FNDA:0,(anonymous_48)
FNDA:1,(anonymous_49)
FNDA:0,(anonymous_50)
FNDA:4,(anonymous_51)
FNDA:2,(anonymous_52)
FNDA:0,(anonymous_53)
FNDA:1,(anonymous_54)
FNDA:0,(anonymous_55)
FNDA:0,(anonymous_56)
FNDA:463,(anonymous_57)
FNDA:11,(anonymous_58)
FNDA:11,(anonymous_59)
FNDA:0,(anonymous_60)
FNDA:5,(anonymous_61)
FNDA:32,(anonymous_62)
FNDA:2,(anonymous_63)
FNDA:116,(anonymous_64)
FNDA:32,(anonymous_65)
FNDA:193,(anonymous_66)
FNDA:137,(anonymous_67)
FNDA:18,(anonymous_68)
FNDA:100,(anonymous_69)
FNDA:3,(anonymous_70)
FNDA:2,(anonymous_71)
FNDA:466,(anonymous_72)
FNDA:1,(anonymous_73)
FNDA:618,(anonymous_74)
FNDA:0,(anonymous_75)
FNDA:295,(anonymous_76)
FNDA:110,(anonymous_77)
FNDA:0,(anonymous_78)
FNDA:0,(anonymous_79)
FNDA:808,(anonymous_80)
FNDA:35,(anonymous_81)
FNDA:35,(anonymous_82)
FNDA:0,(anonymous_83)
FNDA:3,(anonymous_84)
FNDA:32,(anonymous_85)
FNDA:1581,(anonymous_86)
FNDA:0,(anonymous_87)
FNDA:160,(anonymous_88)
FNDA:990,(anonymous_89)
FNDA:13,(anonymous_90)
FNDA:0,(anonymous_91)
FNDA:48,(anonymous_92)
FNDA:0,(anonymous_93)
FNDA:80,(anonymous_94)
FNDA:2,(anonymous_95)
FNDA:2,(anonymous_96)
FNDA:176,(anonymous_97)
FNDA:55,(anonymous_98)
FNDA:55,(anonymous_99)
FNDA:160,(anonymous_100)
FNDA:13,(anonymous_101)
FNDA:31,(anonymous_102)
FNDA:1743,(anonymous_103)
FNDA:0,(anonymous_104)
FNDA:0,(anonymous_105)
FNDA:80,(anonymous_106)
FNDA:2,(anonymous_107)
FNDA:2,(anonymous_108)
FNDA:173,(anonymous_109)
FNDA:55,(anonymous_110)
FNDA:53,(anonymous_111)
FNDA:3,(anonymous_112)
FNDA:2,(anonymous_113)
FNDA:0,(anonymous_114)
FNDA:110,(anonymous_115)
FNDA:817,(anonymous_116)
FNDA:0,(anonymous_117)
FNDA:1,(anonymous_118)
FNDA:284,(anonymous_119)
FNDA:276,(anonymous_120)
FNDA:265,(anonymous_121)
FNDA:83,(anonymous_122)
FNDA:2,(anonymous_123)
FNDA:2,(anonymous_124)
FNDA:2,(anonymous_125)
FNDA:2,(anonymous_126)
FNDA:2,(anonymous_127)
FNDA:9,(anonymous_128)
FNDA:173,(anonymous_129)
FNDA:55,(anonymous_130)
FNDA:3,(anonymous_131)
FNDA:23,(anonymous_132)
FNDA:101,(anonymous_133)
FNDA:98,(anonymous_134)
FNDA:104,(anonymous_135)
FNDA:109,(anonymous_136)
FNDA:32,(anonymous_137)
FNDA:1570,(anonymous_138)
FNDA:753,(anonymous_139)
FNDA:9,(anonymous_140)
FNDA:9,(anonymous_141)
FNDA:753,(anonymous_142)
FNDA:1,(anonymous_143)
FNDA:21,(anonymous_144)
FNDA:22,(anonymous_145)
FNDA:262,(anonymous_146)
FNDA:83,(anonymous_147)
FNDA:2,(anonymous_148)
FNDA:2,(anonymous_149)
FNDA:2,(anonymous_150)
FNDA:2,(anonymous_151)
FNDA:2,(anonymous_152)
FNDA:173,(anonymous_153)
FNDA:9,(anonymous_154)
FNDA:55,(anonymous_155)
FNDA:3,(anonymous_156)
FNDA:23,(anonymous_157)
FNDA:101,(anonymous_158)
FNDA:37,(anonymous_159)
FNDA:20,(anonymous_160)
FNDA:19,(anonymous_161)
FNDA:32,(anonymous_162)
FNDA:32,(anonymous_163)
FNDA:18,(anonymous_164)
FNDA:18,(anonymous_165)
FNDA:1,(anonymous_166)
FNDA:1,(anonymous_167)
FNDA:1,(anonymous_168)
FNDA:1,(anonymous_169)
FNDA:1,(anonymous_170)
FNDA:1,(anonymous_171)
FNDA:1,(anonymous_172)
FNDA:5,(anonymous_173)
FNDA:1,(anonymous_174)
FNDA:1,(anonymous_175)
FNDA:1,(anonymous_176)
FNDA:2,(anonymous_177)
FNDA:1,(anonymous_178)
FNDA:5,(anonymous_179)
FNDA:9,(anonymous_180)
FNDA:1,(anonymous_181)
FNDA:1,(anonymous_182)
FNDA:1,(anonymous_183)
FNDA:1,(anonymous_184)
FNDA:1,(anonymous_185)
FNDA:1,(anonymous_186)
FNDA:1,(anonymous_187)
FNDA:5,(anonymous_188)
FNDA:1,(anonymous_189)
FNDA:1,(anonymous_190)
FNDA:1,(anonymous_191)
FNDA:2,(anonymous_192)
FNDA:1,(anonymous_193)
FNDA:5,(anonymous_194)
FNDA:9,(anonymous_195)
FNDA:37,(anonymous_196)
FNDA:2,(anonymous_197)
FNDA:1,(anonymous_198)
FNDA:2,(anonymous_199)
FNDA:1,(anonymous_200)
FNDA:2,(anonymous_201)
FNDA:1,(anonymous_202)
FNDA:2,(anonymous_203)
FNDA:1,(anonymous_204)
FNDA:18,(anonymous_205)
FNDA:18,(anonymous_206)
FNDA:18,(anonymous_207)
FNDA:18,(anonymous_208)
FNDA:1,(anonymous_209)
FNDA:1,(anonymous_210)
FNDA:1,(anonymous_211)
FNDA:1,(anonymous_212)
FNDA:1,(anonymous_213)
FNDA:1,(anonymous_214)
FNDA:1,(anonymous_215)
FNDA:1,(anonymous_216)
FNDA:1,(anonymous_217)
FNDA:5,(anonymous_218)
FNDA:1,(anonymous_219)
FNDA:1,(anonymous_220)
FNDA:1,(anonymous_221)
FNDA:2,(anonymous_222)
FNDA:1,(anonymous_223)
FNDA:5,(anonymous_224)
FNDA:9,(anonymous_225)
FNDA:1,(anonymous_226)
FNDA:1,(anonymous_227)
FNDA:1,(anonymous_228)
FNDA:1,(anonymous_229)
FNDA:1,(anonymous_230)
FNDA:1,(anonymous_231)
FNDA:1,(anonymous_232)
FNDA:5,(anonymous_233)
FNDA:1,(anonymous_234)
FNDA:1,(anonymous_235)
FNDA:1,(anonymous_236)
FNDA:2,(anonymous_237)
FNDA:1,(anonymous_238)
FNDA:5,(anonymous_239)
FNDA:9,(anonymous_240)
DA:1,1
DA:2,1
DA:3,1
DA:4,1
DA:5,1
DA:6,1
DA:11,1
DA:12,0
DA:13,0
DA:15,1
DA:17,1
DA:18,0
DA:19,0
DA:21,1
DA:23,1
DA:24,0
DA:25,0
DA:27,1
DA:29,1
DA:30,0
DA:31,0
DA:33,1
DA:35,1
DA:36,0
DA:37,0
DA:39,1
DA:41,1
DA:42,0
DA:43,0
DA:45,1
DA:47,1
DA:48,0
DA:49,0
DA:51,1
DA:56,1
DA:73,1
DA:74,0
DA:75,0
DA:79,1
DA:80,0
DA:81,0
DA:85,1
DA:86,0
DA:87,0
DA:91,1
DA:92,0
DA:93,0
DA:97,1
DA:98,70
DA:99,70
DA:103,1
DA:104,0
DA:105,0
DA:109,1
DA:110,0
DA:111,0
DA:115,1
DA:116,0
DA:117,0
DA:121,1
DA:122,0
DA:123,0
DA:127,1
DA:128,0
DA:129,0
DA:133,1
DA:134,111
DA:135,111
DA:139,1
DA:140,0
DA:141,0
DA:148,1
DA:149,78
DA:150,78
DA:151,78
DA:152,78
DA:155,2
DA:156,2
DA:157,1
DA:158,71
DA:159,42
DA:160,1
DA:161,3
DA:162,10
DA:165,1
DA:166,3
DA:167,3
DA:168,8
DA:171,3
DA:174,1
DA:175,2
DA:177,2
DA:178,6
DA:179,6
DA:181,0
DA:182,0
DA:183,0
DA:187,2
DA:190,38
DA:192,1
DA:193,78
DA:199,1
DA:200,3
DA:201,3
DA:202,3
DA:203,3
DA:204,3
DA:205,3
DA:206,3
DA:209,1
DA:210,1
DA:211,2
DA:212,1
DA:213,1
DA:214,1
DA:215,1
DA:216,1
DA:217,4
DA:218,4
DA:220,2
DA:221,2
DA:222,0
DA:223,0
DA:227,4
DA:228,4
DA:231,1
DA:232,2
DA:233,2
DA:235,4
DA:236,4
DA:237,1
DA:240,1
DA:243,1
DA:244,0
DA:245,0
DA:246,0
DA:247,0
DA:250,1
DA:251,1
DA:252,1
DA:254,2
DA:255,2
DA:256,0
DA:260,1
DA:261,0
DA:264,1
DA:265,0
DA:268,1
DA:269,463
DA:270,463
DA:271,463
DA:272,463
DA:273,463
DA:274,463
DA:277,11
DA:278,11
DA:279,1
DA:280,5
DA:281,32
DA:282,2
DA:283,116
DA:284,32
DA:285,193
DA:286,137
DA:287,18
DA:288,1
DA:289,100
DA:290,100
DA:292,96
DA:293,96
DA:302,0
DA:303,0
DA:305,32
DA:306,0
DA:308,32
DA:310,96
DA:311,0
DA:315,1
DA:316,3
DA:317,3
DA:318,3
DA:320,4
DA:321,4
DA:324,3
DA:327,1
DA:328,2
DA:330,2
DA:331,2
DA:333,3
DA:334,3
DA:335,3
DA:337,0
DA:338,0
DA:339,0
DA:344,1
DA:345,466
DA:346,3
DA:349,463
DA:355,1
DA:356,1
DA:357,1
DA:358,618
DA:361,0
DA:362,0
DA:367,1
DA:368,295
DA:370,243
DA:372,295
DA:373,295
DA:374,295
DA:375,295
DA:377,1
DA:379,110
DA:380,1
DA:381,1
DA:382,808
DA:384,1
DA:385,35
DA:388,1
DA:389,35
DA:392,1
DA:393,0
DA:396,1
DA:397,3
DA:398,3
DA:399,3
DA:402,1
DA:403,32
DA:404,32
DA:407,1
DA:408,1581
DA:409,1432
DA:412,149
DA:413,149
DA:414,149
DA:415,149
DA:416,149
DA:419,149
DA:422,1
DA:423,0
DA:426,1
DA:427,160
DA:428,160
DA:429,160
DA:430,160
DA:431,160
DA:434,1
DA:435,990
DA:436,990
DA:437,990
DA:438,990
DA:439,990
DA:442,1
DA:443,13
DA:444,13
DA:445,13
DA:446,13
DA:447,13
DA:450,1
DA:451,0
DA:452,0
DA:453,0
DA:454,0
DA:455,0
DA:458,1
DA:459,48
DA:460,48
DA:461,48
DA:462,48
DA:463,48
DA:466,1
DA:467,0
DA:468,0
DA:469,0
DA:470,0
DA:471,0
DA:474,1
DA:475,80
DA:476,80
DA:478,80
DA:479,80
DA:481,0
DA:483,0
DA:484,0
DA:485,0
DA:486,0
DA:488,0
DA:489,0
DA:490,0
DA:494,0
DA:495,0
DA:496,0
DA:497,0
DA:499,0
DA:500,0
DA:501,0
DA:504,0
DA:505,0
DA:507,80
DA:508,80
DA:511,1
DA:512,2
DA:513,2
DA:514,2
DA:515,2
DA:518,1
DA:519,2
DA:520,2
DA:521,2
DA:522,2
DA:525,1
DA:526,176
DA:527,24
DA:528,24
DA:529,24
DA:530,24
DA:531,24
DA:534,152
DA:535,152
DA:537,152
DA:540,152
DA:541,152
DA:544,1
DA:545,55
DA:547,55
DA:548,55
DA:549,55
DA:550,55
DA:553,1
DA:554,55
DA:555,55
DA:557,55
DA:558,55
DA:559,55
DA:560,55
DA:563,1
DA:564,160
DA:567,1
DA:568,13
DA:569,13
DA:572,1
DA:573,31
DA:574,31
DA:577,1
DA:578,1743
DA:579,1743
DA:582,1
DA:583,0
DA:584,0
DA:587,1
DA:588,0
DA:589,0
DA:592,1
DA:594,80
DA:595,80
DA:596,80
DA:597,80
DA:598,69
DA:600,11
DA:601,7
DA:603,4
DA:605,0
DA:606,0
DA:607,0
DA:609,0
DA:610,0
DA:611,0
DA:613,0
DA:614,0
DA:618,0
DA:619,0
DA:621,0
DA:625,1
DA:626,2
DA:627,2
DA:630,1
DA:631,2
DA:632,2
DA:635,1
DA:637,173
DA:638,173
DA:639,173
DA:640,24
DA:641,24
DA:642,24
DA:645,149
DA:646,149
DA:647,149
DA:649,0
DA:651,0
DA:653,0
DA:656,149
DA:659,149
DA:662,1
DA:663,55
DA:664,0
DA:665,0
DA:666,0
DA:667,0
DA:668,0
DA:670,0
DA:673,55
DA:674,55
DA:675,55
DA:676,55
DA:679,1
DA:680,53
DA:681,53
DA:682,53
DA:685,1
DA:686,3
DA:689,1
DA:690,2
DA:693,1
DA:695,1
DA:696,0
DA:697,0
DA:698,0
DA:701,0
DA:707,1
DA:708,110
DA:711,1
DA:712,817
DA:713,817
DA:715,0
DA:719,1
DA:720,0
DA:721,0
DA:723,0
DA:724,0
DA:725,0
DA:726,0
DA:729,1
DA:730,1
DA:733,1
DA:734,284
DA:735,284
DA:736,124
DA:738,160
DA:739,160
DA:743,1
DA:744,276
DA:745,276
DA:746,263
DA:748,13
DA:749,13
DA:753,1
DA:754,265
DA:755,265
DA:756,254
DA:758,11
DA:759,11
DA:763,1
DA:764,83
DA:765,83
DA:766,3
DA:767,3
DA:769,80
DA:770,80
DA:773,1
DA:774,2
DA:777,1
DA:778,2
DA:781,1
DA:782,2
DA:785,1
DA:786,2
DA:787,0
DA:789,2
DA:790,2
DA:794,1
DA:795,2
DA:796,0
DA:798,2
DA:799,2
DA:803,1
DA:804,9
DA:805,0
DA:808,9
DA:809,9
DA:810,9
DA:813,1
DA:814,173
DA:815,24
DA:816,24
DA:817,0
DA:818,0
DA:820,24
DA:821,24
DA:824,24
DA:825,24
DA:828,149
DA:829,149
DA:830,0
DA:831,0
DA:833,149
DA:834,149
DA:837,149
DA:840,1
DA:841,55
DA:842,55
DA:843,55
DA:844,55
DA:846,1
DA:847,1
DA:848,23
DA:849,23
DA:852,23
DA:853,3
DA:855,23
DA:857,23
DA:858,38
DA:862,1
DA:863,101
DA:864,101
DA:866,101
DA:867,101
DA:868,101
DA:869,80
DA:871,101
DA:872,98
DA:873,98
DA:877,1
DA:878,104
DA:884,1
DA:885,109
DA:886,109
DA:889,1
DA:890,32
DA:891,32
DA:894,1
DA:895,1570
DA:896,1570
DA:897,1570
DA:899,1570
DA:900,1570
DA:903,1
DA:904,753
DA:905,753
DA:906,753
DA:908,753
DA:911,1
DA:912,9
DA:913,0
DA:914,0
DA:915,0
DA:916,0
DA:917,0
DA:918,0
DA:920,0
DA:921,0
DA:922,0
DA:925,0
DA:926,0
DA:927,0
DA:929,0
DA:931,9
DA:933,0
DA:935,0
DA:936,0
DA:937,0
DA:940,0
DA:943,0
DA:944,0
DA:945,0
DA:948,0
DA:949,0
DA:950,0
DA:953,0
DA:954,0
DA:955,0
DA:956,0
DA:958,0
DA:960,0
DA:964,1
DA:965,9
DA:966,9
DA:967,9
DA:969,9
DA:970,9
DA:974,1
DA:975,753
DA:976,753
DA:978,753
DA:979,0
DA:980,0
DA:982,753
DA:983,753
DA:984,753
DA:986,0
DA:988,0
DA:989,0
DA:992,0
DA:993,0
DA:996,1
DA:997,1
DA:1000,1
DA:1001,21
DA:1003,21
DA:1004,21
DA:1005,18
DA:1006,3
DA:1009,0
DA:1012,1
DA:1013,22
DA:1015,22
DA:1016,22
DA:1017,0
DA:1018,18
DA:1019,4
DA:1022,0
DA:1025,1
DA:1026,262
DA:1028,262
DA:1029,262
DA:1030,106
DA:1031,139
DA:1032,9
DA:1033,8
DA:1036,0
DA:1039,1
DA:1040,83
DA:1042,83
DA:1043,83
DA:1044,0
DA:1045,0
DA:1046,0
DA:1047,3
DA:1048,80
DA:1051,0
DA:1054,1
DA:1055,2
DA:1057,2
DA:1058,2
DA:1059,0
DA:1060,2
DA:1063,0
DA:1066,1
DA:1067,2
DA:1069,2
DA:1070,2
DA:1071,0
DA:1072,2
DA:1075,0
DA:1078,1
DA:1079,2
DA:1082,1
DA:1083,2
DA:1086,1
DA:1087,2
DA:1090,1
DA:1091,173
DA:1093,173
DA:1094,173
DA:1095,173
DA:1098,0
DA:1099,0
DA:1102,0
DA:1105,1
DA:1106,9
DA:1108,9
DA:1109,9
DA:1110,0
DA:1113,9
DA:1114,9
DA:1115,9
DA:1118,1
DA:1119,55
DA:1121,55
DA:1122,55
DA:1123,55
DA:1124,55
DA:1125,0
DA:1128,55
DA:1129,55
DA:1130,0
DA:1133,55
DA:1134,55
DA:1135,55
DA:1138,0
DA:1141,1
DA:1142,1
DA:1143,23
DA:1145,23
DA:1146,23
DA:1147,0
DA:1150,23
DA:1151,23
DA:1152,0
DA:1156,23
DA:1157,3
DA:1160,23
DA:1162,23
DA:1163,23
DA:1164,38
DA:1166,23
DA:1169,1
DA:1170,101
DA:1172,101
DA:1173,101
DA:1174,0
DA:1177,101
DA:1178,101
DA:1179,0
DA:1182,101
DA:1183,101
DA:1184,80
DA:1186,101
DA:1188,101
DA:1189,98
DA:1190,98
DA:1191,98
DA:1194,101
DA:1200,1
DA:1201,37
DA:1202,37
DA:1203,37
DA:1204,37
DA:1205,37
DA:1207,37
DA:1208,37
DA:1211,1
DA:1212,1
DA:1213,1
DA:1215,1
DA:1216,32
DA:1217,32
DA:1218,32
DA:1219,0
DA:1221,32
DA:1222,0
DA:1225,0
DA:1226,0
DA:1227,0
DA:1229,0
DA:1230,0
DA:1233,0
DA:1234,0
DA:1235,0
DA:1239,32
DA:1240,32
DA:1243,1
DA:1244,32
DA:1245,32
DA:1247,32
DA:1248,32
DA:1250,0
DA:1251,0
DA:1252,0
DA:1256,1
DA:1257,18
DA:1258,18
DA:1259,18
DA:1260,18
DA:1262,0
DA:1263,0
DA:1267,1
DA:1268,18
DA:1269,18
DA:1270,18
DA:1273,1
DA:1274,1
DA:1275,1
DA:1276,1
DA:1277,1
DA:1278,1
DA:1279,1
DA:1280,5
DA:1281,1
DA:1282,1
DA:1283,1
DA:1284,2
DA:1285,1
DA:1286,5
DA:1287,9
DA:1289,1
DA:1290,1
DA:1291,1
DA:1292,1
DA:1293,1
DA:1294,1
DA:1295,1
DA:1296,5
DA:1297,1
DA:1298,1
DA:1299,1
DA:1300,2
DA:1301,1
DA:1302,5
DA:1303,9
DA:1305,1
DA:1306,37
DA:1307,37
DA:1308,37
DA:1309,37
DA:1310,37
DA:1311,37
DA:1312,37
DA:1313,37
DA:1314,37
DA:1315,37
DA:1316,37
DA:1318,37
DA:1319,37
DA:1320,37
DA:1321,37
DA:1322,37
DA:1323,37
DA:1324,37
DA:1325,37
DA:1328,1
DA:1329,1
DA:1330,1
DA:1332,1
DA:1333,18
DA:1334,18
DA:1335,18
DA:1336,18
DA:1337,18
DA:1338,18
DA:1339,18
DA:1340,18
DA:1341,18
DA:1342,18
DA:1343,18
DA:1344,18
DA:1346,18
DA:1347,18
DA:1349,18
DA:1350,18
DA:1351,18
DA:1352,18
DA:1354,18
DA:1357,1
DA:1358,18
DA:1359,18
DA:1360,18
DA:1361,18
DA:1362,18
DA:1363,18
DA:1364,18
DA:1365,18
DA:1366,18
DA:1367,18
DA:1369,18
DA:1372,1
DA:1373,18
DA:1374,18
DA:1377,1
DA:1378,18
DA:1379,18
DA:1380,18
DA:1381,0
DA:1383,18
DA:1384,18
DA:1387,1
DA:1388,1
DA:1389,1
DA:1392,1
DA:1393,1
DA:1394,1
DA:1397,1
DA:1398,1
DA:1399,1
DA:1400,1
DA:1401,1
DA:1402,1
DA:1403,1
DA:1404,5
DA:1405,1
DA:1406,1
DA:1407,1
DA:1408,2
DA:1409,1
DA:1410,5
DA:1411,9
DA:1413,1
DA:1414,1
DA:1415,1
DA:1416,1
DA:1417,1
DA:1418,1
DA:1419,1
DA:1420,5
DA:1421,1
DA:1422,1
DA:1423,1
DA:1424,2
DA:1425,1
DA:1426,5
DA:1427,9
LF:891
LH:689
BRDA:6,1,0,1
BRDA:6,1,1,0
BRDA:150,2,0,78
BRDA:150,2,1,51
BRDA:162,3,0,0
BRDA:162,3,1,10
BRDA:168,4,0,8
BRDA:168,4,1,0
BRDA:175,5,0,2
BRDA:175,5,1,2
BRDA:175,5,2,2
BRDA:175,5,3,2
BRDA:178,6,0,6
BRDA:178,6,1,0
BRDA:202,7,0,3
BRDA:202,7,1,3
BRDA:203,8,0,3
BRDA:203,8,1,3
BRDA:214,9,0,1
BRDA:214,9,1,0
BRDA:217,10,0,4
BRDA:217,10,1,0
BRDA:221,11,0,0
BRDA:221,11,1,2
BRDA:232,12,0,2
BRDA:232,12,1,0
BRDA:236,13,0,1
BRDA:236,13,1,3
BRDA:251,14,0,1
BRDA:251,14,1,0
BRDA:255,15,0,0
BRDA:255,15,1,2
BRDA:271,16,0,463
BRDA:271,16,1,396
BRDA:272,17,0,463
BRDA:272,17,1,402
BRDA:283,18,0,116
BRDA:283,18,1,0
BRDA:289,19,0,100
BRDA:289,19,1,0
BRDA:293,20,0,0
BRDA:293,20,1,0
BRDA:293,20,2,0
BRDA:293,20,3,0
BRDA:293,20,4,0
BRDA:293,20,5,0
BRDA:293,20,6,0
BRDA:293,20,7,0
BRDA:293,20,8,32
BRDA:305,21,0,0
BRDA:305,21,1,32
BRDA:310,22,0,0
BRDA:310,22,1,96
BRDA:317,23,0,3
BRDA:317,23,1,0
BRDA:321,24,0,4
BRDA:321,24,1,0
BRDA:328,25,0,2
BRDA:328,25,1,2
BRDA:328,25,2,2
BRDA:330,26,0,2
BRDA:330,26,1,0
BRDA:334,27,0,3
BRDA:334,27,1,0
BRDA:345,28,0,3
BRDA:345,28,1,463
BRDA:345,29,0,466
BRDA:345,29,1,3
BRDA:356,30,0,1
BRDA:356,30,1,0
BRDA:368,31,0,243
BRDA:368,31,1,52
BRDA:372,32,0,295
BRDA:372,32,1,0
BRDA:372,33,0,295
BRDA:372,33,1,295
BRDA:373,34,0,295
BRDA:373,34,1,0
BRDA:373,35,0,295
BRDA:373,35,1,295
BRDA:408,36,0,1432
BRDA:408,36,1,149
BRDA:414,37,0,149
BRDA:414,37,1,0
BRDA:478,38,0,80
BRDA:478,38,1,0
BRDA:481,39,0,0
BRDA:481,39,1,0
BRDA:481,40,0,0
BRDA:481,40,1,0
BRDA:484,41,0,0
BRDA:484,41,1,0
BRDA:495,42,0,0
BRDA:495,42,1,0
BRDA:526,43,0,24
BRDA:526,43,1,152
BRDA:526,44,0,176
BRDA:526,44,1,172
BRDA:534,45,0,152
BRDA:534,45,1,49
BRDA:545,46,0,0
BRDA:545,46,1,55
BRDA:545,47,0,55
BRDA:545,47,1,55
BRDA:554,48,0,0
BRDA:554,48,1,55
BRDA:555,49,0,0
BRDA:555,49,1,55
BRDA:594,50,0,80
BRDA:594,50,1,0
BRDA:597,51,0,69
BRDA:597,51,1,11
BRDA:597,52,0,80
BRDA:597,52,1,69
BRDA:600,53,0,7
BRDA:600,53,1,4
BRDA:609,54,0,0
BRDA:609,54,1,0
BRDA:609,55,0,0
BRDA:609,55,1,0
BRDA:610,56,0,0
BRDA:610,56,1,0
BRDA:618,57,0,0
BRDA:618,57,1,0
BRDA:639,58,0,24
BRDA:639,58,1,149
BRDA:639,59,0,173
BRDA:639,59,1,169
BRDA:647,60,0,0
BRDA:647,60,1,149
BRDA:649,61,0,0
BRDA:649,61,1,0
BRDA:663,62,0,0
BRDA:663,62,1,55
BRDA:698,63,0,0
BRDA:698,63,1,0
BRDA:698,64,0,0
BRDA:698,64,1,0
BRDA:712,65,0,817
BRDA:712,65,1,0
BRDA:720,66,0,0
BRDA:720,66,1,0
BRDA:721,67,0,0
BRDA:721,67,1,0
BRDA:730,68,0,1
BRDA:730,68,1,0
BRDA:735,69,0,124
BRDA:735,69,1,160
BRDA:745,70,0,263
BRDA:745,70,1,13
BRDA:745,71,0,276
BRDA:745,71,1,276
BRDA:755,72,0,254
BRDA:755,72,1,11
BRDA:755,73,0,265
BRDA:755,73,1,265
BRDA:765,74,0,3
BRDA:765,74,1,80
BRDA:765,75,0,83
BRDA:765,75,1,45
BRDA:786,76,0,0
BRDA:786,76,1,2
BRDA:795,77,0,0
BRDA:795,77,1,2
BRDA:804,78,0,0
BRDA:804,78,1,9
BRDA:814,79,0,24
BRDA:814,79,1,149
BRDA:814,80,0,173
BRDA:814,80,1,109
BRDA:816,81,0,0
BRDA:816,81,1,24
BRDA:829,82,0,0
BRDA:829,82,1,149
BRDA:852,83,0,3
BRDA:852,83,1,20
BRDA:855,84,0,23
BRDA:855,84,1,12
BRDA:868,85,0,80
BRDA:868,85,1,21
BRDA:899,86,0,0
BRDA:899,86,1,1570
BRDA:908,87,0,0
BRDA:908,87,1,753
BRDA:912,88,0,0
BRDA:912,88,1,0
BRDA:912,88,2,0
BRDA:912,88,3,0
BRDA:912,88,4,0
BRDA:912,88,5,0
BRDA:912,88,6,0
BRDA:912,88,7,0
BRDA:912,88,8,0
BRDA:912,88,9,9
BRDA:912,88,10,9
BRDA:912,88,11,0
BRDA:912,88,12,0
BRDA:912,88,13,0
BRDA:912,88,14,0
BRDA:944,89,0,0
BRDA:944,89,1,0
BRDA:969,90,0,9
BRDA:969,90,1,0
BRDA:978,91,0,0
BRDA:978,91,1,753
BRDA:982,92,0,753
BRDA:982,92,1,0
BRDA:982,93,0,753
BRDA:982,93,1,0
BRDA:983,94,0,753
BRDA:983,94,1,0
BRDA:983,95,0,0
BRDA:983,95,1,753
BRDA:992,96,0,0
BRDA:992,96,1,0
BRDA:997,97,0,1
BRDA:997,97,1,0
BRDA:1001,98,0,0
BRDA:1001,98,1,21
BRDA:1004,99,0,18
BRDA:1004,99,1,3
BRDA:1013,100,0,0
BRDA:1013,100,1,22
BRDA:1016,101,0,0
BRDA:1016,101,1,18
BRDA:1016,101,2,4
BRDA:1026,102,0,0
BRDA:1026,102,1,262
BRDA:1029,103,0,106
BRDA:1029,103,1,139
BRDA:1029,103,2,9
BRDA:1029,103,3,8
BRDA:1040,104,0,0
BRDA:1040,104,1,83
BRDA:1043,105,0,0
BRDA:1043,105,1,0
BRDA:1043,105,2,0
BRDA:1043,105,3,3
BRDA:1043,105,4,80
BRDA:1055,106,0,0
BRDA:1055,106,1,2
BRDA:1058,107,0,0
BRDA:1058,107,1,2
BRDA:1067,108,0,0
BRDA:1067,108,1,2
BRDA:1070,109,0,0
BRDA:1070,109,1,2
BRDA:1091,110,0,0
BRDA:1091,110,1,173
BRDA:1094,111,0,173
BRDA:1094,111,1,0
BRDA:1098,112,0,0
BRDA:1098,112,1,0
BRDA:1106,113,0,0
BRDA:1106,113,1,9
BRDA:1109,114,0,0
BRDA:1109,114,1,9
BRDA:1119,115,0,0
BRDA:1119,115,1,55
BRDA:1122,116,0,55
BRDA:1122,116,1,0
BRDA:1124,117,0,0
BRDA:1124,117,1,55
BRDA:1129,118,0,0
BRDA:1129,118,1,55
BRDA:1143,119,0,0
BRDA:1143,119,1,23
BRDA:1146,120,0,0
BRDA:1146,120,1,23
BRDA:1151,121,0,0
BRDA:1151,121,1,23
BRDA:1156,122,0,3
BRDA:1156,122,1,20
BRDA:1160,123,0,23
BRDA:1160,123,1,12
BRDA:1170,124,0,0
BRDA:1170,124,1,101
BRDA:1173,125,0,0
BRDA:1173,125,1,101
BRDA:1178,126,0,0
BRDA:1178,126,1,101
BRDA:1183,127,0,80
BRDA:1183,127,1,21
BRDA:1216,128,0,32
BRDA:1216,128,1,0
BRDA:1218,129,0,0
BRDA:1218,129,1,32
BRDA:1218,130,0,32
BRDA:1218,130,1,0
BRDA:1221,131,0,0
BRDA:1221,131,1,32
BRDA:1221,132,0,32
BRDA:1221,132,1,0
BRDA:1226,133,0,0
BRDA:1226,133,1,0
BRDA:1226,134,0,0
BRDA:1226,134,1,0
BRDA:1229,135,0,0
BRDA:1229,135,1,0
BRDA:1229,136,0,0
BRDA:1229,136,1,0
BRDA:1234,137,0,0
BRDA:1234,137,1,0
BRDA:1247,138,0,32
BRDA:1247,138,1,0
BRDA:1258,139,0,18
BRDA:1258,139,1,0
BRDA:1269,140,0,18
BRDA:1269,140,1,0
BRDA:1380,141,0,0
BRDA:1380,141,1,18
BRDA:1389,142,0,0
BRDA:1389,142,1,1
BRDA:1394,143,0,0
BRDA:1394,143,1,1
BRF:315
BRH:170
end_of_record
